2024-06-03 09:27:57,437 INFO    StreamThr :10964 [internal.py:wandb_internal():85] W&B internal server running at pid: 10964, started at: 2024-06-03 09:27:57.434697
2024-06-03 09:27:57,441 DEBUG   HandlerThread:10964 [handler.py:handle_request():158] handle_request: status
2024-06-03 09:27:57,460 INFO    WriterThread:10964 [datastore.py:open_for_write():87] open: E:\JYZ_projects_python\J230724_NLP_lab640\J240601_TPLinker\TPlinker-ycy-main\TPLinker\tplinker\wandb\run-20240603_092757-fbfgbv5q\run-fbfgbv5q.wandb
2024-06-03 09:27:57,463 DEBUG   SenderThread:10964 [sender.py:send():378] send: header
2024-06-03 09:27:57,480 DEBUG   SenderThread:10964 [sender.py:send():378] send: run
2024-06-03 09:27:59,792 INFO    SenderThread:10964 [dir_watcher.py:__init__():211] watching files in: E:\JYZ_projects_python\J230724_NLP_lab640\J240601_TPLinker\TPlinker-ycy-main\TPLinker\tplinker\wandb\run-20240603_092757-fbfgbv5q\files
2024-06-03 09:27:59,793 INFO    SenderThread:10964 [sender.py:_start_run_threads():1123] run started: fbfgbv5q with start time 1717378077.438683
2024-06-03 09:27:59,838 DEBUG   HandlerThread:10964 [handler.py:handle_request():158] handle_request: check_version
2024-06-03 09:27:59,839 DEBUG   SenderThread:10964 [sender.py:send_request():405] send_request: check_version
2024-06-03 09:28:00,358 DEBUG   HandlerThread:10964 [handler.py:handle_request():158] handle_request: run_start
2024-06-03 09:28:00,483 DEBUG   HandlerThread:10964 [system_info.py:__init__():26] System info init
2024-06-03 09:28:00,483 DEBUG   HandlerThread:10964 [system_info.py:__init__():41] System info init done
2024-06-03 09:28:00,483 INFO    HandlerThread:10964 [system_monitor.py:start():194] Starting system monitor
2024-06-03 09:28:00,484 INFO    SystemMonitor:10964 [system_monitor.py:_start():158] Starting system asset monitoring threads
2024-06-03 09:28:00,485 INFO    HandlerThread:10964 [system_monitor.py:probe():214] Collecting system info
2024-06-03 09:28:00,492 INFO    SystemMonitor:10964 [interfaces.py:start():188] Started cpu monitoring
2024-06-03 09:28:00,493 DEBUG   HandlerThread:10964 [system_info.py:probe():150] Probing system
2024-06-03 09:28:00,494 INFO    SystemMonitor:10964 [interfaces.py:start():188] Started disk monitoring
2024-06-03 09:28:00,496 INFO    SystemMonitor:10964 [interfaces.py:start():188] Started memory monitoring
2024-06-03 09:28:00,550 INFO    SystemMonitor:10964 [interfaces.py:start():188] Started network monitoring
2024-06-03 09:28:00,620 DEBUG   HandlerThread:10964 [gitlib.py:_init_repo():56] git repository is invalid
2024-06-03 09:28:00,621 DEBUG   HandlerThread:10964 [system_info.py:probe():198] Probing system done
2024-06-03 09:28:00,621 DEBUG   HandlerThread:10964 [system_monitor.py:probe():223] {'os': 'Windows-10-10.0.19045-SP0', 'python': '3.9.7', 'heartbeatAt': '2024-06-03T01:28:00.493273', 'startedAt': '2024-06-03T01:27:57.283382', 'docker': None, 'cuda': None, 'args': (), 'state': 'running', 'program': 'E:\\JYZ_projects_python\\J230724_NLP_lab640\\J240601_TPLinker\\TPlinker-ycy-main\\TPLinker\\tplinker\\train.py', 'codePathLocal': 'train.py', 'codePath': 'train.py', 'host': 'LAPTOP-PPNF2G9V', 'username': 'pc', 'executable': 'D:\\JYZ_Python\\Anaconda\\python.exe', 'cpu_count': 4, 'cpu_count_logical': 8, 'cpu_freq': {'current': 1200.0, 'min': 0.0, 'max': 2001.0}, 'cpu_freq_per_core': [{'current': 1200.0, 'min': 0.0, 'max': 2001.0}], 'disk': {'/': {'total': 221.99999618530273, 'used': 161.85498046875}}, 'memory': {'total': 15.857471466064453}}
2024-06-03 09:28:00,621 INFO    HandlerThread:10964 [system_monitor.py:probe():224] Finished collecting system info
2024-06-03 09:28:00,621 INFO    HandlerThread:10964 [system_monitor.py:probe():227] Publishing system info
2024-06-03 09:28:00,622 DEBUG   HandlerThread:10964 [system_info.py:_save_conda():207] Saving list of conda packages installed into the current environment
2024-06-03 09:28:00,812 INFO    Thread-16 :10964 [dir_watcher.py:_on_file_created():271] file/dir created: E:\JYZ_projects_python\J230724_NLP_lab640\J240601_TPLinker\TPlinker-ycy-main\TPLinker\tplinker\wandb\run-20240603_092757-fbfgbv5q\files\conda-environment.yaml
2024-06-03 09:28:15,720 ERROR   HandlerThread:10964 [system_info.py:_save_conda():221] Error saving conda packages: Command '['conda', 'env', 'export']' timed out after 15 seconds
Traceback (most recent call last):
  File "D:\JYZ_Python\Anaconda\lib\site-packages\wandb\sdk\internal\system\system_info.py", line 214, in _save_conda
    subprocess.call(
  File "D:\JYZ_Python\Anaconda\lib\subprocess.py", line 351, in call
    return p.wait(timeout=timeout)
  File "D:\JYZ_Python\Anaconda\lib\subprocess.py", line 1189, in wait
    return self._wait(timeout=timeout)
  File "D:\JYZ_Python\Anaconda\lib\subprocess.py", line 1473, in _wait
    raise TimeoutExpired(self.args, timeout)
subprocess.TimeoutExpired: Command '['conda', 'env', 'export']' timed out after 15 seconds
2024-06-03 09:28:15,726 DEBUG   HandlerThread:10964 [system_info.py:_save_conda():222] Saving conda packages done
2024-06-03 09:28:15,729 INFO    HandlerThread:10964 [system_monitor.py:probe():229] Finished publishing system info
2024-06-03 09:28:15,943 DEBUG   HandlerThread:10964 [handler.py:handle_request():158] handle_request: status_report
2024-06-03 09:28:15,944 DEBUG   HandlerThread:10964 [handler.py:handle_request():158] handle_request: keepalive
2024-06-03 09:28:15,944 DEBUG   HandlerThread:10964 [handler.py:handle_request():158] handle_request: status_report
2024-06-03 09:28:15,944 DEBUG   HandlerThread:10964 [handler.py:handle_request():158] handle_request: keepalive
2024-06-03 09:28:15,945 DEBUG   HandlerThread:10964 [handler.py:handle_request():158] handle_request: status_report
2024-06-03 09:28:15,945 DEBUG   HandlerThread:10964 [handler.py:handle_request():158] handle_request: keepalive
2024-06-03 09:28:15,947 DEBUG   SenderThread:10964 [sender.py:send():378] send: files
2024-06-03 09:28:15,947 INFO    SenderThread:10964 [sender.py:_save_file():1389] saving file wandb-metadata.json with policy now
2024-06-03 09:28:16,420 INFO    Thread-16 :10964 [dir_watcher.py:_on_file_created():271] file/dir created: E:\JYZ_projects_python\J230724_NLP_lab640\J240601_TPLinker\TPlinker-ycy-main\TPLinker\tplinker\wandb\run-20240603_092757-fbfgbv5q\files\wandb-metadata.json
2024-06-03 09:28:17,618 DEBUG   HandlerThread:10964 [handler.py:handle_request():158] handle_request: python_packages
2024-06-03 09:28:17,618 DEBUG   SenderThread:10964 [sender.py:send_request():405] send_request: python_packages
2024-06-03 09:28:17,621 DEBUG   HandlerThread:10964 [handler.py:handle_request():158] handle_request: stop_status
2024-06-03 09:28:17,624 DEBUG   SenderThread:10964 [sender.py:send_request():405] send_request: stop_status
2024-06-03 09:28:17,998 DEBUG   SenderThread:10964 [sender.py:send():378] send: telemetry
2024-06-03 09:28:17,998 DEBUG   SenderThread:10964 [sender.py:send():378] send: telemetry
2024-06-03 09:28:17,999 DEBUG   SenderThread:10964 [sender.py:send():378] send: config
2024-06-03 09:28:18,102 DEBUG   SenderThread:10964 [sender.py:send():378] send: exit
2024-06-03 09:28:18,103 INFO    SenderThread:10964 [sender.py:send_exit():585] handling exit code: 1
2024-06-03 09:28:18,103 INFO    SenderThread:10964 [sender.py:send_exit():587] handling runtime: 17
2024-06-03 09:28:18,108 INFO    SenderThread:10964 [sender.py:_save_file():1389] saving file wandb-summary.json with policy end
2024-06-03 09:28:18,110 INFO    SenderThread:10964 [sender.py:send_exit():593] send defer
2024-06-03 09:28:18,110 DEBUG   HandlerThread:10964 [handler.py:handle_request():158] handle_request: defer
2024-06-03 09:28:18,111 INFO    HandlerThread:10964 [handler.py:handle_request_defer():184] handle defer: 0
2024-06-03 09:28:18,113 DEBUG   SenderThread:10964 [sender.py:send_request():405] send_request: defer
2024-06-03 09:28:18,113 INFO    SenderThread:10964 [sender.py:send_request_defer():609] handle sender defer: 0
2024-06-03 09:28:18,113 INFO    SenderThread:10964 [sender.py:transition_state():613] send defer: 1
2024-06-03 09:28:18,114 DEBUG   HandlerThread:10964 [handler.py:handle_request():158] handle_request: defer
2024-06-03 09:28:18,114 INFO    HandlerThread:10964 [handler.py:handle_request_defer():184] handle defer: 1
2024-06-03 09:28:18,115 DEBUG   SenderThread:10964 [sender.py:send_request():405] send_request: defer
2024-06-03 09:28:18,116 INFO    SenderThread:10964 [sender.py:send_request_defer():609] handle sender defer: 1
2024-06-03 09:28:18,116 INFO    SenderThread:10964 [sender.py:transition_state():613] send defer: 2
2024-06-03 09:28:18,116 DEBUG   HandlerThread:10964 [handler.py:handle_request():158] handle_request: defer
2024-06-03 09:28:18,117 INFO    HandlerThread:10964 [handler.py:handle_request_defer():184] handle defer: 2
2024-06-03 09:28:18,117 INFO    HandlerThread:10964 [system_monitor.py:finish():203] Stopping system monitor
2024-06-03 09:28:18,117 DEBUG   SystemMonitor:10964 [system_monitor.py:_start():172] Starting system metrics aggregation loop
2024-06-03 09:28:18,117 DEBUG   SystemMonitor:10964 [system_monitor.py:_start():179] Finished system metrics aggregation loop
2024-06-03 09:28:18,118 DEBUG   SystemMonitor:10964 [system_monitor.py:_start():183] Publishing last batch of metrics
2024-06-03 09:28:18,119 INFO    HandlerThread:10964 [interfaces.py:finish():200] Joined cpu monitor
2024-06-03 09:28:18,119 INFO    HandlerThread:10964 [interfaces.py:finish():200] Joined disk monitor
2024-06-03 09:28:18,120 INFO    HandlerThread:10964 [interfaces.py:finish():200] Joined memory monitor
2024-06-03 09:28:18,120 INFO    HandlerThread:10964 [interfaces.py:finish():200] Joined network monitor
2024-06-03 09:28:18,121 DEBUG   SenderThread:10964 [sender.py:send_request():405] send_request: defer
2024-06-03 09:28:18,121 INFO    SenderThread:10964 [sender.py:send_request_defer():609] handle sender defer: 2
2024-06-03 09:28:18,122 INFO    SenderThread:10964 [sender.py:transition_state():613] send defer: 3
2024-06-03 09:28:18,122 DEBUG   HandlerThread:10964 [handler.py:handle_request():158] handle_request: defer
2024-06-03 09:28:18,122 INFO    HandlerThread:10964 [handler.py:handle_request_defer():184] handle defer: 3
2024-06-03 09:28:18,123 DEBUG   SenderThread:10964 [sender.py:send_request():405] send_request: defer
2024-06-03 09:28:18,124 INFO    SenderThread:10964 [sender.py:send_request_defer():609] handle sender defer: 3
2024-06-03 09:28:18,124 INFO    SenderThread:10964 [sender.py:transition_state():613] send defer: 4
2024-06-03 09:28:18,124 DEBUG   HandlerThread:10964 [handler.py:handle_request():158] handle_request: defer
2024-06-03 09:28:18,124 INFO    HandlerThread:10964 [handler.py:handle_request_defer():184] handle defer: 4
2024-06-03 09:28:18,125 DEBUG   SenderThread:10964 [sender.py:send_request():405] send_request: defer
2024-06-03 09:28:18,126 INFO    SenderThread:10964 [sender.py:send_request_defer():609] handle sender defer: 4
2024-06-03 09:28:18,126 INFO    SenderThread:10964 [sender.py:transition_state():613] send defer: 5
2024-06-03 09:28:18,126 DEBUG   HandlerThread:10964 [handler.py:handle_request():158] handle_request: defer
2024-06-03 09:28:18,127 INFO    HandlerThread:10964 [handler.py:handle_request_defer():184] handle defer: 5
2024-06-03 09:28:18,128 DEBUG   SenderThread:10964 [sender.py:send():378] send: summary
2024-06-03 09:28:18,129 INFO    SenderThread:10964 [sender.py:_save_file():1389] saving file wandb-summary.json with policy end
2024-06-03 09:28:18,131 DEBUG   SenderThread:10964 [sender.py:send_request():405] send_request: defer
2024-06-03 09:28:18,131 INFO    SenderThread:10964 [sender.py:send_request_defer():609] handle sender defer: 5
2024-06-03 09:28:18,131 INFO    SenderThread:10964 [sender.py:transition_state():613] send defer: 6
2024-06-03 09:28:18,132 DEBUG   HandlerThread:10964 [handler.py:handle_request():158] handle_request: defer
2024-06-03 09:28:18,132 INFO    HandlerThread:10964 [handler.py:handle_request_defer():184] handle defer: 6
2024-06-03 09:28:18,133 DEBUG   SenderThread:10964 [sender.py:send_request():405] send_request: defer
2024-06-03 09:28:18,133 INFO    SenderThread:10964 [sender.py:send_request_defer():609] handle sender defer: 6
2024-06-03 09:28:18,146 DEBUG   HandlerThread:10964 [handler.py:handle_request():158] handle_request: status_report
2024-06-03 09:28:18,526 INFO    SenderThread:10964 [sender.py:transition_state():613] send defer: 7
2024-06-03 09:28:18,527 DEBUG   HandlerThread:10964 [handler.py:handle_request():158] handle_request: defer
2024-06-03 09:28:18,527 INFO    HandlerThread:10964 [handler.py:handle_request_defer():184] handle defer: 7
2024-06-03 09:28:18,528 DEBUG   SenderThread:10964 [sender.py:send_request():405] send_request: defer
2024-06-03 09:28:18,528 INFO    SenderThread:10964 [sender.py:send_request_defer():609] handle sender defer: 7
2024-06-03 09:28:18,547 INFO    Thread-16 :10964 [dir_watcher.py:_on_file_modified():288] file/dir modified: E:\JYZ_projects_python\J230724_NLP_lab640\J240601_TPLinker\TPlinker-ycy-main\TPLinker\tplinker\wandb\run-20240603_092757-fbfgbv5q\files\config.yaml
2024-06-03 09:28:18,548 INFO    Thread-16 :10964 [dir_watcher.py:_on_file_created():271] file/dir created: E:\JYZ_projects_python\J230724_NLP_lab640\J240601_TPLinker\TPlinker-ycy-main\TPLinker\tplinker\wandb\run-20240603_092757-fbfgbv5q\files\requirements.txt
2024-06-03 09:28:18,549 INFO    Thread-16 :10964 [dir_watcher.py:_on_file_created():271] file/dir created: E:\JYZ_projects_python\J230724_NLP_lab640\J240601_TPLinker\TPlinker-ycy-main\TPLinker\tplinker\wandb\run-20240603_092757-fbfgbv5q\files\wandb-summary.json
2024-06-03 09:28:18,550 INFO    Thread-16 :10964 [dir_watcher.py:_on_file_created():271] file/dir created: E:\JYZ_projects_python\J230724_NLP_lab640\J240601_TPLinker\TPlinker-ycy-main\TPLinker\tplinker\wandb\run-20240603_092757-fbfgbv5q\files\output.log
2024-06-03 09:28:18,653 DEBUG   HandlerThread:10964 [handler.py:handle_request():158] handle_request: poll_exit
2024-06-03 09:28:20,572 INFO    Thread-16 :10964 [dir_watcher.py:_on_file_modified():288] file/dir modified: E:\JYZ_projects_python\J230724_NLP_lab640\J240601_TPLinker\TPlinker-ycy-main\TPLinker\tplinker\wandb\run-20240603_092757-fbfgbv5q\files\output.log
2024-06-03 09:28:20,913 INFO    wandb-upload_0:10964 [upload_job.py:push():130] Uploaded file C:\Users\pc\AppData\Local\Temp\tmpteo3cbvmwandb\g4ppx5k9-wandb-metadata.json
2024-06-03 09:28:22,126 INFO    SenderThread:10964 [sender.py:transition_state():613] send defer: 8
2024-06-03 09:28:22,126 DEBUG   SenderThread:10964 [sender.py:send_request():405] send_request: poll_exit
2024-06-03 09:28:22,127 DEBUG   HandlerThread:10964 [handler.py:handle_request():158] handle_request: defer
2024-06-03 09:28:22,127 INFO    HandlerThread:10964 [handler.py:handle_request_defer():184] handle defer: 8
2024-06-03 09:28:22,128 DEBUG   SenderThread:10964 [sender.py:send_request():405] send_request: defer
2024-06-03 09:28:22,128 INFO    SenderThread:10964 [sender.py:send_request_defer():609] handle sender defer: 8
2024-06-03 09:28:22,129 INFO    SenderThread:10964 [job_builder.py:build():432] Attempting to build job artifact
2024-06-03 09:28:22,131 INFO    SenderThread:10964 [job_builder.py:_get_source_type():576] no source found
2024-06-03 09:28:22,131 INFO    SenderThread:10964 [sender.py:transition_state():613] send defer: 9
2024-06-03 09:28:22,131 DEBUG   HandlerThread:10964 [handler.py:handle_request():158] handle_request: defer
2024-06-03 09:28:22,132 INFO    HandlerThread:10964 [handler.py:handle_request_defer():184] handle defer: 9
2024-06-03 09:28:22,132 DEBUG   SenderThread:10964 [sender.py:send_request():405] send_request: defer
2024-06-03 09:28:22,133 INFO    SenderThread:10964 [sender.py:send_request_defer():609] handle sender defer: 9
2024-06-03 09:28:22,133 INFO    SenderThread:10964 [dir_watcher.py:finish():358] shutting down directory watcher
2024-06-03 09:28:22,582 INFO    SenderThread:10964 [dir_watcher.py:_on_file_modified():288] file/dir modified: E:\JYZ_projects_python\J230724_NLP_lab640\J240601_TPLinker\TPlinker-ycy-main\TPLinker\tplinker\wandb\run-20240603_092757-fbfgbv5q\files\output.log
2024-06-03 09:28:22,583 INFO    SenderThread:10964 [dir_watcher.py:finish():388] scan: E:\JYZ_projects_python\J230724_NLP_lab640\J240601_TPLinker\TPlinker-ycy-main\TPLinker\tplinker\wandb\run-20240603_092757-fbfgbv5q\files
2024-06-03 09:28:22,584 INFO    SenderThread:10964 [dir_watcher.py:finish():402] scan save: E:\JYZ_projects_python\J230724_NLP_lab640\J240601_TPLinker\TPlinker-ycy-main\TPLinker\tplinker\wandb\run-20240603_092757-fbfgbv5q\files\conda-environment.yaml conda-environment.yaml
2024-06-03 09:28:22,586 INFO    SenderThread:10964 [dir_watcher.py:finish():402] scan save: E:\JYZ_projects_python\J230724_NLP_lab640\J240601_TPLinker\TPlinker-ycy-main\TPLinker\tplinker\wandb\run-20240603_092757-fbfgbv5q\files\config.yaml config.yaml
2024-06-03 09:28:22,588 INFO    SenderThread:10964 [dir_watcher.py:finish():402] scan save: E:\JYZ_projects_python\J230724_NLP_lab640\J240601_TPLinker\TPlinker-ycy-main\TPLinker\tplinker\wandb\run-20240603_092757-fbfgbv5q\files\output.log output.log
2024-06-03 09:28:22,596 INFO    SenderThread:10964 [dir_watcher.py:finish():402] scan save: E:\JYZ_projects_python\J230724_NLP_lab640\J240601_TPLinker\TPlinker-ycy-main\TPLinker\tplinker\wandb\run-20240603_092757-fbfgbv5q\files\requirements.txt requirements.txt
2024-06-03 09:28:22,605 INFO    SenderThread:10964 [dir_watcher.py:finish():402] scan save: E:\JYZ_projects_python\J230724_NLP_lab640\J240601_TPLinker\TPlinker-ycy-main\TPLinker\tplinker\wandb\run-20240603_092757-fbfgbv5q\files\wandb-metadata.json wandb-metadata.json
2024-06-03 09:28:22,606 INFO    SenderThread:10964 [dir_watcher.py:finish():402] scan save: E:\JYZ_projects_python\J230724_NLP_lab640\J240601_TPLinker\TPlinker-ycy-main\TPLinker\tplinker\wandb\run-20240603_092757-fbfgbv5q\files\wandb-summary.json wandb-summary.json
2024-06-03 09:28:22,618 INFO    SenderThread:10964 [sender.py:transition_state():613] send defer: 10
2024-06-03 09:28:22,619 DEBUG   HandlerThread:10964 [handler.py:handle_request():158] handle_request: defer
2024-06-03 09:28:22,619 INFO    HandlerThread:10964 [handler.py:handle_request_defer():184] handle defer: 10
2024-06-03 09:28:22,622 DEBUG   SenderThread:10964 [sender.py:send_request():405] send_request: defer
2024-06-03 09:28:22,622 INFO    SenderThread:10964 [sender.py:send_request_defer():609] handle sender defer: 10
2024-06-03 09:28:22,622 INFO    SenderThread:10964 [file_pusher.py:finish():169] shutting down file pusher
2024-06-03 09:28:22,674 DEBUG   HandlerThread:10964 [handler.py:handle_request():158] handle_request: poll_exit
2024-06-03 09:28:22,675 DEBUG   SenderThread:10964 [sender.py:send_request():405] send_request: poll_exit
2024-06-03 09:28:23,423 INFO    wandb-upload_0:10964 [upload_job.py:push():130] Uploaded file E:\JYZ_projects_python\J230724_NLP_lab640\J240601_TPLinker\TPlinker-ycy-main\TPLinker\tplinker\wandb\run-20240603_092757-fbfgbv5q\files\config.yaml
2024-06-03 09:28:23,679 DEBUG   HandlerThread:10964 [handler.py:handle_request():158] handle_request: status_report
2024-06-03 09:28:23,681 DEBUG   HandlerThread:10964 [handler.py:handle_request():158] handle_request: poll_exit
2024-06-03 09:28:23,683 DEBUG   SenderThread:10964 [sender.py:send_request():405] send_request: poll_exit
2024-06-03 09:28:24,688 DEBUG   HandlerThread:10964 [handler.py:handle_request():158] handle_request: poll_exit
2024-06-03 09:28:24,689 DEBUG   SenderThread:10964 [sender.py:send_request():405] send_request: poll_exit
2024-06-03 09:28:25,694 DEBUG   HandlerThread:10964 [handler.py:handle_request():158] handle_request: poll_exit
2024-06-03 09:28:25,695 DEBUG   SenderThread:10964 [sender.py:send_request():405] send_request: poll_exit
2024-06-03 09:28:26,710 DEBUG   HandlerThread:10964 [handler.py:handle_request():158] handle_request: poll_exit
2024-06-03 09:28:26,711 DEBUG   SenderThread:10964 [sender.py:send_request():405] send_request: poll_exit
2024-06-03 09:28:27,722 DEBUG   HandlerThread:10964 [handler.py:handle_request():158] handle_request: poll_exit
2024-06-03 09:28:27,724 DEBUG   SenderThread:10964 [sender.py:send_request():405] send_request: poll_exit
2024-06-03 09:28:28,728 DEBUG   HandlerThread:10964 [handler.py:handle_request():158] handle_request: status_report
2024-06-03 09:28:28,729 DEBUG   HandlerThread:10964 [handler.py:handle_request():158] handle_request: poll_exit
2024-06-03 09:28:28,730 DEBUG   SenderThread:10964 [sender.py:send_request():405] send_request: poll_exit
2024-06-03 09:28:29,739 DEBUG   HandlerThread:10964 [handler.py:handle_request():158] handle_request: poll_exit
2024-06-03 09:28:29,740 DEBUG   SenderThread:10964 [sender.py:send_request():405] send_request: poll_exit
2024-06-03 09:28:30,591 INFO    wandb-upload_3:10964 [upload_job.py:push():130] Uploaded file E:\JYZ_projects_python\J230724_NLP_lab640\J240601_TPLinker\TPlinker-ycy-main\TPLinker\tplinker\wandb\run-20240603_092757-fbfgbv5q\files\wandb-summary.json
2024-06-03 09:28:30,754 DEBUG   HandlerThread:10964 [handler.py:handle_request():158] handle_request: poll_exit
2024-06-03 09:28:30,755 DEBUG   SenderThread:10964 [sender.py:send_request():405] send_request: poll_exit
2024-06-03 09:28:31,390 ERROR   wandb-upload_2:10964 [internal_api.py:upload_file():2738] upload_file exception https://storage.googleapis.com/wandb-production.appspot.com/jyzzzzzz/baidu_relation/fbfgbv5q/requirements.txt?Expires=1717464491&GoogleAccessId=gorilla-files-url-signer-man%40wandb-production.iam.gserviceaccount.com&Signature=mwpEGZKqNnYTkIb7ks5A8pPSYdBKH40P6Nfna9D6TAAzYnCE0YlkvgOTNF10oXTLiSJBpEvsrnUhW2zyFXYmNZ2iSB%2Bjt6dPKUtOADDh3cAaDbwSi2MsD%2BJdbwK9LQRJl7mAhz2tquSWnpMkc%2BNOt6D0RsGC3yoyAgRtJbBS8LQnyREp8driQu3aJZWcaZlI5Jyu0VCd62rb%2FQuj5YKJojCsB05Fnw9l4B8%2Be0W6F%2B95Bam1dH3C9zMfP5ub700txa7ghBJgxw%2B4Y%2BSN7jATVZ9Fiull0oBys1u9iIa0lvHvRtAXtP5kP6mS%2B55OjQkkSL6NKALuqK%2B%2FCeYfBH%2BRww%3D%3D: ('Connection aborted.', ConnectionResetError(10054, '远程主机强迫关闭了一个现有的连接。', None, 10054, None))
2024-06-03 09:28:31,494 ERROR   wandb-upload_2:10964 [internal_api.py:upload_file():2740] upload_file request headers: {'User-Agent': 'python-requests/2.26.0', 'Accept-Encoding': 'gzip, deflate, br', 'Accept': '*/*', 'Connection': 'keep-alive', 'Content-Length': '7978'}
2024-06-03 09:28:31,494 ERROR   wandb-upload_2:10964 [internal_api.py:upload_file():2742] upload_file response body: 
2024-06-03 09:28:31,825 DEBUG   HandlerThread:10964 [handler.py:handle_request():158] handle_request: poll_exit
2024-06-03 09:28:31,826 DEBUG   SenderThread:10964 [sender.py:send_request():405] send_request: poll_exit
2024-06-03 09:28:32,829 DEBUG   HandlerThread:10964 [handler.py:handle_request():158] handle_request: poll_exit
2024-06-03 09:28:32,830 DEBUG   SenderThread:10964 [sender.py:send_request():405] send_request: poll_exit
2024-06-03 09:28:33,841 DEBUG   HandlerThread:10964 [handler.py:handle_request():158] handle_request: status_report
2024-06-03 09:28:33,843 DEBUG   HandlerThread:10964 [handler.py:handle_request():158] handle_request: poll_exit
2024-06-03 09:28:33,844 DEBUG   SenderThread:10964 [sender.py:send_request():405] send_request: poll_exit
2024-06-03 09:28:34,015 ERROR   wandb-upload_2:10964 [internal_api.py:upload_file():2738] upload_file exception https://storage.googleapis.com/wandb-production.appspot.com/jyzzzzzz/baidu_relation/fbfgbv5q/requirements.txt?Expires=1717464491&GoogleAccessId=gorilla-files-url-signer-man%40wandb-production.iam.gserviceaccount.com&Signature=mwpEGZKqNnYTkIb7ks5A8pPSYdBKH40P6Nfna9D6TAAzYnCE0YlkvgOTNF10oXTLiSJBpEvsrnUhW2zyFXYmNZ2iSB%2Bjt6dPKUtOADDh3cAaDbwSi2MsD%2BJdbwK9LQRJl7mAhz2tquSWnpMkc%2BNOt6D0RsGC3yoyAgRtJbBS8LQnyREp8driQu3aJZWcaZlI5Jyu0VCd62rb%2FQuj5YKJojCsB05Fnw9l4B8%2Be0W6F%2B95Bam1dH3C9zMfP5ub700txa7ghBJgxw%2B4Y%2BSN7jATVZ9Fiull0oBys1u9iIa0lvHvRtAXtP5kP6mS%2B55OjQkkSL6NKALuqK%2B%2FCeYfBH%2BRww%3D%3D: ('Connection aborted.', ConnectionResetError(10054, '远程主机强迫关闭了一个现有的连接。', None, 10054, None))
2024-06-03 09:28:34,015 ERROR   wandb-upload_2:10964 [internal_api.py:upload_file():2740] upload_file request headers: {'User-Agent': 'python-requests/2.26.0', 'Accept-Encoding': 'gzip, deflate, br', 'Accept': '*/*', 'Connection': 'keep-alive', 'Content-Length': '7978'}
2024-06-03 09:28:34,015 ERROR   wandb-upload_2:10964 [internal_api.py:upload_file():2742] upload_file response body: 
2024-06-03 09:28:34,844 DEBUG   HandlerThread:10964 [handler.py:handle_request():158] handle_request: poll_exit
2024-06-03 09:28:34,845 DEBUG   SenderThread:10964 [sender.py:send_request():405] send_request: poll_exit
2024-06-03 09:28:35,854 DEBUG   HandlerThread:10964 [handler.py:handle_request():158] handle_request: poll_exit
2024-06-03 09:28:35,855 DEBUG   SenderThread:10964 [sender.py:send_request():405] send_request: poll_exit
2024-06-03 09:28:36,859 DEBUG   HandlerThread:10964 [handler.py:handle_request():158] handle_request: poll_exit
2024-06-03 09:28:36,861 DEBUG   SenderThread:10964 [sender.py:send_request():405] send_request: poll_exit
2024-06-03 09:28:37,865 DEBUG   HandlerThread:10964 [handler.py:handle_request():158] handle_request: poll_exit
2024-06-03 09:28:37,866 DEBUG   SenderThread:10964 [sender.py:send_request():405] send_request: poll_exit
2024-06-03 09:28:38,405 ERROR   wandb-upload_1:10964 [internal_api.py:upload_file():2738] upload_file exception https://storage.googleapis.com/wandb-production.appspot.com/jyzzzzzz/baidu_relation/fbfgbv5q/output.log?Expires=1717464483&GoogleAccessId=gorilla-files-url-signer-man%40wandb-production.iam.gserviceaccount.com&Signature=K6i7O9rEhtjWlgZpsoz165DMDJuN%2BI9spuhORVzsBiZhHnqmQFPCwOF5f8l9k30JT3jIywIKTk4e1BIGfM9pW59469P6gQSvcbYSx5SoxPnG8DAooHumI1aJIFkYVmi%2BCDsLZp3ijZeye9%2FeVQ%2BnspopTIxr452El8eRtfchqKmz38KvBkI4SxvPzFeI%2Fq6UXLS06NgO7ZcuS3DW6U3UJfxdPRG1kHCmmlqNPXry85bPk85reVCmR9jayWzK3Rd08XjCmIXf3%2FSwvhJGZL%2FxM4yaZiyylAJhyRBTr4QjAxnKRZreQ8NSYZpOiq0id9oJCO%2BjkyKP28Y5PkEgmCZe7A%3D%3D: ('Connection aborted.', ConnectionResetError(10054, '远程主机强迫关闭了一个现有的连接。', None, 10054, None))
2024-06-03 09:28:38,405 ERROR   wandb-upload_1:10964 [internal_api.py:upload_file():2740] upload_file request headers: {'User-Agent': 'python-requests/2.26.0', 'Accept-Encoding': 'gzip, deflate, br', 'Accept': '*/*', 'Connection': 'keep-alive', 'Content-Length': '1055'}
2024-06-03 09:28:38,406 ERROR   wandb-upload_1:10964 [internal_api.py:upload_file():2742] upload_file response body: 
2024-06-03 09:28:38,406 INFO    wandb-upload_1:10964 [retry.py:__call__():172] Retry attempt failed:
Traceback (most recent call last):
  File "D:\JYZ_Python\Anaconda\lib\site-packages\urllib3\connectionpool.py", line 715, in urlopen
    httplib_response = self._make_request(
  File "D:\JYZ_Python\Anaconda\lib\site-packages\urllib3\connectionpool.py", line 404, in _make_request
    self._validate_conn(conn)
  File "D:\JYZ_Python\Anaconda\lib\site-packages\urllib3\connectionpool.py", line 1058, in _validate_conn
    conn.connect()
  File "D:\JYZ_Python\Anaconda\lib\site-packages\urllib3\connection.py", line 419, in connect
    self.sock = ssl_wrap_socket(
  File "D:\JYZ_Python\Anaconda\lib\site-packages\urllib3\util\ssl_.py", line 449, in ssl_wrap_socket
    ssl_sock = _ssl_wrap_socket_impl(
  File "D:\JYZ_Python\Anaconda\lib\site-packages\urllib3\util\ssl_.py", line 493, in _ssl_wrap_socket_impl
    return ssl_context.wrap_socket(sock, server_hostname=server_hostname)
  File "D:\JYZ_Python\Anaconda\lib\ssl.py", line 500, in wrap_socket
    return self.sslsocket_class._create(
  File "D:\JYZ_Python\Anaconda\lib\ssl.py", line 1040, in _create
    self.do_handshake()
  File "D:\JYZ_Python\Anaconda\lib\ssl.py", line 1309, in do_handshake
    self._sslobj.do_handshake()
ConnectionResetError: [WinError 10054] 远程主机强迫关闭了一个现有的连接。

During handling of the above exception, another exception occurred:

Traceback (most recent call last):
  File "D:\JYZ_Python\Anaconda\lib\site-packages\requests\adapters.py", line 439, in send
    resp = conn.urlopen(
  File "D:\JYZ_Python\Anaconda\lib\site-packages\urllib3\connectionpool.py", line 799, in urlopen
    retries = retries.increment(
  File "D:\JYZ_Python\Anaconda\lib\site-packages\urllib3\util\retry.py", line 550, in increment
    raise six.reraise(type(error), error, _stacktrace)
  File "D:\JYZ_Python\Anaconda\lib\site-packages\urllib3\packages\six.py", line 769, in reraise
    raise value.with_traceback(tb)
  File "D:\JYZ_Python\Anaconda\lib\site-packages\urllib3\connectionpool.py", line 715, in urlopen
    httplib_response = self._make_request(
  File "D:\JYZ_Python\Anaconda\lib\site-packages\urllib3\connectionpool.py", line 404, in _make_request
    self._validate_conn(conn)
  File "D:\JYZ_Python\Anaconda\lib\site-packages\urllib3\connectionpool.py", line 1058, in _validate_conn
    conn.connect()
  File "D:\JYZ_Python\Anaconda\lib\site-packages\urllib3\connection.py", line 419, in connect
    self.sock = ssl_wrap_socket(
  File "D:\JYZ_Python\Anaconda\lib\site-packages\urllib3\util\ssl_.py", line 449, in ssl_wrap_socket
    ssl_sock = _ssl_wrap_socket_impl(
  File "D:\JYZ_Python\Anaconda\lib\site-packages\urllib3\util\ssl_.py", line 493, in _ssl_wrap_socket_impl
    return ssl_context.wrap_socket(sock, server_hostname=server_hostname)
  File "D:\JYZ_Python\Anaconda\lib\ssl.py", line 500, in wrap_socket
    return self.sslsocket_class._create(
  File "D:\JYZ_Python\Anaconda\lib\ssl.py", line 1040, in _create
    self.do_handshake()
  File "D:\JYZ_Python\Anaconda\lib\ssl.py", line 1309, in do_handshake
    self._sslobj.do_handshake()
urllib3.exceptions.ProtocolError: ('Connection aborted.', ConnectionResetError(10054, '远程主机强迫关闭了一个现有的连接。', None, 10054, None))

During handling of the above exception, another exception occurred:

Traceback (most recent call last):
  File "D:\JYZ_Python\Anaconda\lib\site-packages\wandb\sdk\internal\internal_api.py", line 2731, in upload_file
    response = self._upload_file_session.put(
  File "D:\JYZ_Python\Anaconda\lib\site-packages\requests\sessions.py", line 602, in put
    return self.request('PUT', url, data=data, **kwargs)
  File "D:\JYZ_Python\Anaconda\lib\site-packages\requests\sessions.py", line 542, in request
    resp = self.send(prep, **send_kwargs)
  File "D:\JYZ_Python\Anaconda\lib\site-packages\requests\sessions.py", line 655, in send
    r = adapter.send(request, **kwargs)
  File "D:\JYZ_Python\Anaconda\lib\site-packages\requests\adapters.py", line 498, in send
    raise ConnectionError(err, request=request)
requests.exceptions.ConnectionError: ('Connection aborted.', ConnectionResetError(10054, '远程主机强迫关闭了一个现有的连接。', None, 10054, None))

During handling of the above exception, another exception occurred:

Traceback (most recent call last):
  File "D:\JYZ_Python\Anaconda\lib\site-packages\wandb\sdk\lib\retry.py", line 131, in __call__
    result = self._call_fn(*args, **kwargs)
  File "D:\JYZ_Python\Anaconda\lib\site-packages\wandb\sdk\internal\internal_api.py", line 2762, in upload_file
    raise _e.with_traceback(sys.exc_info()[2])
  File "D:\JYZ_Python\Anaconda\lib\site-packages\wandb\sdk\internal\internal_api.py", line 2731, in upload_file
    response = self._upload_file_session.put(
  File "D:\JYZ_Python\Anaconda\lib\site-packages\requests\sessions.py", line 602, in put
    return self.request('PUT', url, data=data, **kwargs)
  File "D:\JYZ_Python\Anaconda\lib\site-packages\requests\sessions.py", line 542, in request
    resp = self.send(prep, **send_kwargs)
  File "D:\JYZ_Python\Anaconda\lib\site-packages\requests\sessions.py", line 655, in send
    r = adapter.send(request, **kwargs)
  File "D:\JYZ_Python\Anaconda\lib\site-packages\requests\adapters.py", line 498, in send
    raise ConnectionError(err, request=request)
wandb.sdk.lib.retry.TransientError: None
2024-06-03 09:28:38,867 DEBUG   HandlerThread:10964 [handler.py:handle_request():158] handle_request: poll_exit
2024-06-03 09:28:38,868 DEBUG   SenderThread:10964 [sender.py:send_request():405] send_request: poll_exit
2024-06-03 09:28:38,869 DEBUG   HandlerThread:10964 [handler.py:handle_request():158] handle_request: status_report
2024-06-03 09:28:39,179 WARNING FileStreamThread:10964 [file_stream.py:request_with_retry():674] requests_with_retry encountered retryable exception: HTTPSConnectionPool(host='api.wandb.ai', port=443): Max retries exceeded with url: /files/jyzzzzzz/baidu_relation/fbfgbv5q/file_stream (Caused by NewConnectionError('<urllib3.connection.HTTPSConnection object at 0x000001806FBFE7F0>: Failed to establish a new connection: [WinError 10060] 由于连接方在一段时间后没有正确答复或连接的主机没有反应，连接尝试失败。')). func: functools.partial(<bound method Session.post of <requests.sessions.Session object at 0x000001806EA5A2E0>>, timeout=180.0), args: ('https://api.wandb.ai/files/jyzzzzzz/baidu_relation/fbfgbv5q/file_stream',), kwargs: {'json': {'files': {'wandb-summary.json': {'offset': 0, 'content': ['{"_wandb": {"runtime": 17}}']}}, 'dropped': 0}}
2024-06-03 09:28:39,884 DEBUG   HandlerThread:10964 [handler.py:handle_request():158] handle_request: poll_exit
2024-06-03 09:28:39,885 DEBUG   SenderThread:10964 [sender.py:send_request():405] send_request: poll_exit
2024-06-03 09:28:40,069 ERROR   wandb-upload_1:10964 [internal_api.py:upload_file():2738] upload_file exception https://storage.googleapis.com/wandb-production.appspot.com/jyzzzzzz/baidu_relation/fbfgbv5q/output.log?Expires=1717464483&GoogleAccessId=gorilla-files-url-signer-man%40wandb-production.iam.gserviceaccount.com&Signature=K6i7O9rEhtjWlgZpsoz165DMDJuN%2BI9spuhORVzsBiZhHnqmQFPCwOF5f8l9k30JT3jIywIKTk4e1BIGfM9pW59469P6gQSvcbYSx5SoxPnG8DAooHumI1aJIFkYVmi%2BCDsLZp3ijZeye9%2FeVQ%2BnspopTIxr452El8eRtfchqKmz38KvBkI4SxvPzFeI%2Fq6UXLS06NgO7ZcuS3DW6U3UJfxdPRG1kHCmmlqNPXry85bPk85reVCmR9jayWzK3Rd08XjCmIXf3%2FSwvhJGZL%2FxM4yaZiyylAJhyRBTr4QjAxnKRZreQ8NSYZpOiq0id9oJCO%2BjkyKP28Y5PkEgmCZe7A%3D%3D: ('Connection aborted.', ConnectionResetError(10054, '远程主机强迫关闭了一个现有的连接。', None, 10054, None))
2024-06-03 09:28:40,070 ERROR   wandb-upload_1:10964 [internal_api.py:upload_file():2740] upload_file request headers: {'User-Agent': 'python-requests/2.26.0', 'Accept-Encoding': 'gzip, deflate, br', 'Accept': '*/*', 'Connection': 'keep-alive', 'Content-Length': '1055'}
2024-06-03 09:28:40,070 ERROR   wandb-upload_1:10964 [internal_api.py:upload_file():2742] upload_file response body: 
2024-06-03 09:28:40,899 DEBUG   HandlerThread:10964 [handler.py:handle_request():158] handle_request: poll_exit
2024-06-03 09:28:40,900 DEBUG   SenderThread:10964 [sender.py:send_request():405] send_request: poll_exit
2024-06-03 09:28:41,915 DEBUG   HandlerThread:10964 [handler.py:handle_request():158] handle_request: poll_exit
2024-06-03 09:28:41,916 DEBUG   SenderThread:10964 [sender.py:send_request():405] send_request: poll_exit
2024-06-03 09:28:42,926 DEBUG   HandlerThread:10964 [handler.py:handle_request():158] handle_request: poll_exit
2024-06-03 09:28:42,927 DEBUG   SenderThread:10964 [sender.py:send_request():405] send_request: poll_exit
2024-06-03 09:28:43,496 INFO    wandb-upload_1:10964 [upload_job.py:push():130] Uploaded file E:\JYZ_projects_python\J230724_NLP_lab640\J240601_TPLinker\TPlinker-ycy-main\TPLinker\tplinker\wandb\run-20240603_092757-fbfgbv5q\files\output.log
2024-06-03 09:28:43,942 DEBUG   HandlerThread:10964 [handler.py:handle_request():158] handle_request: status_report
2024-06-03 09:28:43,943 DEBUG   HandlerThread:10964 [handler.py:handle_request():158] handle_request: poll_exit
2024-06-03 09:28:43,944 DEBUG   SenderThread:10964 [sender.py:send_request():405] send_request: poll_exit
2024-06-03 09:28:44,946 DEBUG   HandlerThread:10964 [handler.py:handle_request():158] handle_request: poll_exit
2024-06-03 09:28:44,947 DEBUG   SenderThread:10964 [sender.py:send_request():405] send_request: poll_exit
2024-06-03 09:28:45,963 DEBUG   HandlerThread:10964 [handler.py:handle_request():158] handle_request: poll_exit
2024-06-03 09:28:45,964 DEBUG   SenderThread:10964 [sender.py:send_request():405] send_request: poll_exit
2024-06-03 09:28:46,974 DEBUG   HandlerThread:10964 [handler.py:handle_request():158] handle_request: poll_exit
2024-06-03 09:28:46,975 DEBUG   SenderThread:10964 [sender.py:send_request():405] send_request: poll_exit
2024-06-03 09:28:48,002 DEBUG   HandlerThread:10964 [handler.py:handle_request():158] handle_request: poll_exit
2024-06-03 09:28:48,017 DEBUG   SenderThread:10964 [sender.py:send_request():405] send_request: poll_exit
2024-06-03 09:28:49,017 DEBUG   HandlerThread:10964 [handler.py:handle_request():158] handle_request: poll_exit
2024-06-03 09:28:49,038 DEBUG   SenderThread:10964 [sender.py:send_request():405] send_request: poll_exit
2024-06-03 09:28:49,041 DEBUG   HandlerThread:10964 [handler.py:handle_request():158] handle_request: status_report
2024-06-03 09:28:50,027 DEBUG   HandlerThread:10964 [handler.py:handle_request():158] handle_request: poll_exit
2024-06-03 09:28:50,029 DEBUG   SenderThread:10964 [sender.py:send_request():405] send_request: poll_exit
2024-06-03 09:28:51,043 DEBUG   HandlerThread:10964 [handler.py:handle_request():158] handle_request: poll_exit
2024-06-03 09:28:51,044 DEBUG   SenderThread:10964 [sender.py:send_request():405] send_request: poll_exit
2024-06-03 09:28:52,045 DEBUG   HandlerThread:10964 [handler.py:handle_request():158] handle_request: poll_exit
2024-06-03 09:28:52,046 DEBUG   SenderThread:10964 [sender.py:send_request():405] send_request: poll_exit
2024-06-03 09:28:53,057 DEBUG   HandlerThread:10964 [handler.py:handle_request():158] handle_request: poll_exit
2024-06-03 09:28:53,058 DEBUG   SenderThread:10964 [sender.py:send_request():405] send_request: poll_exit
2024-06-03 09:28:54,062 DEBUG   HandlerThread:10964 [handler.py:handle_request():158] handle_request: status_report
2024-06-03 09:28:54,064 DEBUG   HandlerThread:10964 [handler.py:handle_request():158] handle_request: poll_exit
2024-06-03 09:28:54,066 DEBUG   SenderThread:10964 [sender.py:send_request():405] send_request: poll_exit
2024-06-03 09:28:55,073 DEBUG   HandlerThread:10964 [handler.py:handle_request():158] handle_request: poll_exit
2024-06-03 09:28:55,074 DEBUG   SenderThread:10964 [sender.py:send_request():405] send_request: poll_exit
2024-06-03 09:28:56,088 DEBUG   HandlerThread:10964 [handler.py:handle_request():158] handle_request: poll_exit
2024-06-03 09:28:56,108 DEBUG   SenderThread:10964 [sender.py:send_request():405] send_request: poll_exit
2024-06-03 09:28:57,103 DEBUG   HandlerThread:10964 [handler.py:handle_request():158] handle_request: poll_exit
2024-06-03 09:28:57,104 DEBUG   SenderThread:10964 [sender.py:send_request():405] send_request: poll_exit
2024-06-03 09:28:57,189 ERROR   wandb-upload_2:10964 [internal_api.py:upload_file():2738] upload_file exception https://storage.googleapis.com/wandb-production.appspot.com/jyzzzzzz/baidu_relation/fbfgbv5q/requirements.txt?Expires=1717464491&GoogleAccessId=gorilla-files-url-signer-man%40wandb-production.iam.gserviceaccount.com&Signature=mwpEGZKqNnYTkIb7ks5A8pPSYdBKH40P6Nfna9D6TAAzYnCE0YlkvgOTNF10oXTLiSJBpEvsrnUhW2zyFXYmNZ2iSB%2Bjt6dPKUtOADDh3cAaDbwSi2MsD%2BJdbwK9LQRJl7mAhz2tquSWnpMkc%2BNOt6D0RsGC3yoyAgRtJbBS8LQnyREp8driQu3aJZWcaZlI5Jyu0VCd62rb%2FQuj5YKJojCsB05Fnw9l4B8%2Be0W6F%2B95Bam1dH3C9zMfP5ub700txa7ghBJgxw%2B4Y%2BSN7jATVZ9Fiull0oBys1u9iIa0lvHvRtAXtP5kP6mS%2B55OjQkkSL6NKALuqK%2B%2FCeYfBH%2BRww%3D%3D: ('Connection aborted.', ConnectionResetError(10054, '远程主机强迫关闭了一个现有的连接。', None, 10054, None))
2024-06-03 09:28:57,190 ERROR   wandb-upload_2:10964 [internal_api.py:upload_file():2740] upload_file request headers: {'User-Agent': 'python-requests/2.26.0', 'Accept-Encoding': 'gzip, deflate, br', 'Accept': '*/*', 'Connection': 'keep-alive', 'Content-Length': '7978'}
2024-06-03 09:28:57,190 ERROR   wandb-upload_2:10964 [internal_api.py:upload_file():2742] upload_file response body: 
2024-06-03 09:28:58,116 DEBUG   HandlerThread:10964 [handler.py:handle_request():158] handle_request: poll_exit
2024-06-03 09:28:58,117 DEBUG   SenderThread:10964 [sender.py:send_request():405] send_request: poll_exit
2024-06-03 09:28:59,129 DEBUG   HandlerThread:10964 [handler.py:handle_request():158] handle_request: status_report
2024-06-03 09:28:59,130 DEBUG   HandlerThread:10964 [handler.py:handle_request():158] handle_request: poll_exit
2024-06-03 09:28:59,131 DEBUG   SenderThread:10964 [sender.py:send_request():405] send_request: poll_exit
2024-06-03 09:29:00,143 DEBUG   HandlerThread:10964 [handler.py:handle_request():158] handle_request: poll_exit
2024-06-03 09:29:00,187 DEBUG   SenderThread:10964 [sender.py:send_request():405] send_request: poll_exit
2024-06-03 09:29:01,155 DEBUG   HandlerThread:10964 [handler.py:handle_request():158] handle_request: poll_exit
2024-06-03 09:29:01,170 DEBUG   SenderThread:10964 [sender.py:send_request():405] send_request: poll_exit
2024-06-03 09:29:02,170 DEBUG   HandlerThread:10964 [handler.py:handle_request():158] handle_request: poll_exit
2024-06-03 09:29:02,171 DEBUG   SenderThread:10964 [sender.py:send_request():405] send_request: poll_exit
2024-06-03 09:29:02,231 ERROR   wandb-upload_2:10964 [internal_api.py:upload_file():2738] upload_file exception https://storage.googleapis.com/wandb-production.appspot.com/jyzzzzzz/baidu_relation/fbfgbv5q/requirements.txt?Expires=1717464491&GoogleAccessId=gorilla-files-url-signer-man%40wandb-production.iam.gserviceaccount.com&Signature=mwpEGZKqNnYTkIb7ks5A8pPSYdBKH40P6Nfna9D6TAAzYnCE0YlkvgOTNF10oXTLiSJBpEvsrnUhW2zyFXYmNZ2iSB%2Bjt6dPKUtOADDh3cAaDbwSi2MsD%2BJdbwK9LQRJl7mAhz2tquSWnpMkc%2BNOt6D0RsGC3yoyAgRtJbBS8LQnyREp8driQu3aJZWcaZlI5Jyu0VCd62rb%2FQuj5YKJojCsB05Fnw9l4B8%2Be0W6F%2B95Bam1dH3C9zMfP5ub700txa7ghBJgxw%2B4Y%2BSN7jATVZ9Fiull0oBys1u9iIa0lvHvRtAXtP5kP6mS%2B55OjQkkSL6NKALuqK%2B%2FCeYfBH%2BRww%3D%3D: ('Connection aborted.', ConnectionResetError(10054, '远程主机强迫关闭了一个现有的连接。', None, 10054, None))
2024-06-03 09:29:02,232 ERROR   wandb-upload_2:10964 [internal_api.py:upload_file():2740] upload_file request headers: {'User-Agent': 'python-requests/2.26.0', 'Accept-Encoding': 'gzip, deflate, br', 'Accept': '*/*', 'Connection': 'keep-alive', 'Content-Length': '7978'}
2024-06-03 09:29:02,232 ERROR   wandb-upload_2:10964 [internal_api.py:upload_file():2742] upload_file response body: 
2024-06-03 09:29:03,185 DEBUG   HandlerThread:10964 [handler.py:handle_request():158] handle_request: poll_exit
2024-06-03 09:29:03,186 DEBUG   SenderThread:10964 [sender.py:send_request():405] send_request: poll_exit
2024-06-03 09:29:04,200 DEBUG   HandlerThread:10964 [handler.py:handle_request():158] handle_request: status_report
2024-06-03 09:29:04,201 DEBUG   HandlerThread:10964 [handler.py:handle_request():158] handle_request: poll_exit
2024-06-03 09:29:04,202 DEBUG   SenderThread:10964 [sender.py:send_request():405] send_request: poll_exit
2024-06-03 09:29:05,215 DEBUG   HandlerThread:10964 [handler.py:handle_request():158] handle_request: poll_exit
2024-06-03 09:29:05,216 DEBUG   SenderThread:10964 [sender.py:send_request():405] send_request: poll_exit
2024-06-03 09:29:06,228 DEBUG   HandlerThread:10964 [handler.py:handle_request():158] handle_request: poll_exit
2024-06-03 09:29:06,230 DEBUG   SenderThread:10964 [sender.py:send_request():405] send_request: poll_exit
2024-06-03 09:29:07,237 DEBUG   HandlerThread:10964 [handler.py:handle_request():158] handle_request: poll_exit
2024-06-03 09:29:07,238 DEBUG   SenderThread:10964 [sender.py:send_request():405] send_request: poll_exit
2024-06-03 09:29:08,240 DEBUG   HandlerThread:10964 [handler.py:handle_request():158] handle_request: poll_exit
2024-06-03 09:29:08,241 DEBUG   SenderThread:10964 [sender.py:send_request():405] send_request: poll_exit
2024-06-03 09:29:09,255 DEBUG   HandlerThread:10964 [handler.py:handle_request():158] handle_request: status_report
2024-06-03 09:29:09,255 DEBUG   HandlerThread:10964 [handler.py:handle_request():158] handle_request: poll_exit
2024-06-03 09:29:09,256 DEBUG   SenderThread:10964 [sender.py:send_request():405] send_request: poll_exit
2024-06-03 09:29:10,257 DEBUG   HandlerThread:10964 [handler.py:handle_request():158] handle_request: poll_exit
2024-06-03 09:29:10,258 DEBUG   SenderThread:10964 [sender.py:send_request():405] send_request: poll_exit
2024-06-03 09:29:11,271 DEBUG   HandlerThread:10964 [handler.py:handle_request():158] handle_request: poll_exit
2024-06-03 09:29:11,272 DEBUG   SenderThread:10964 [sender.py:send_request():405] send_request: poll_exit
2024-06-03 09:29:12,275 DEBUG   HandlerThread:10964 [handler.py:handle_request():158] handle_request: poll_exit
2024-06-03 09:29:12,276 DEBUG   SenderThread:10964 [sender.py:send_request():405] send_request: poll_exit
2024-06-03 09:29:13,010 ERROR   wandb-upload_2:10964 [internal_api.py:upload_file():2738] upload_file exception https://storage.googleapis.com/wandb-production.appspot.com/jyzzzzzz/baidu_relation/fbfgbv5q/requirements.txt?Expires=1717464491&GoogleAccessId=gorilla-files-url-signer-man%40wandb-production.iam.gserviceaccount.com&Signature=mwpEGZKqNnYTkIb7ks5A8pPSYdBKH40P6Nfna9D6TAAzYnCE0YlkvgOTNF10oXTLiSJBpEvsrnUhW2zyFXYmNZ2iSB%2Bjt6dPKUtOADDh3cAaDbwSi2MsD%2BJdbwK9LQRJl7mAhz2tquSWnpMkc%2BNOt6D0RsGC3yoyAgRtJbBS8LQnyREp8driQu3aJZWcaZlI5Jyu0VCd62rb%2FQuj5YKJojCsB05Fnw9l4B8%2Be0W6F%2B95Bam1dH3C9zMfP5ub700txa7ghBJgxw%2B4Y%2BSN7jATVZ9Fiull0oBys1u9iIa0lvHvRtAXtP5kP6mS%2B55OjQkkSL6NKALuqK%2B%2FCeYfBH%2BRww%3D%3D: ('Connection aborted.', ConnectionResetError(10054, '远程主机强迫关闭了一个现有的连接。', None, 10054, None))
2024-06-03 09:29:13,011 ERROR   wandb-upload_2:10964 [internal_api.py:upload_file():2740] upload_file request headers: {'User-Agent': 'python-requests/2.26.0', 'Accept-Encoding': 'gzip, deflate, br', 'Accept': '*/*', 'Connection': 'keep-alive', 'Content-Length': '7978'}
2024-06-03 09:29:13,011 ERROR   wandb-upload_2:10964 [internal_api.py:upload_file():2742] upload_file response body: 
2024-06-03 09:29:13,282 DEBUG   HandlerThread:10964 [handler.py:handle_request():158] handle_request: poll_exit
2024-06-03 09:29:13,283 DEBUG   SenderThread:10964 [sender.py:send_request():405] send_request: poll_exit
2024-06-03 09:29:14,284 DEBUG   HandlerThread:10964 [handler.py:handle_request():158] handle_request: poll_exit
2024-06-03 09:29:14,284 DEBUG   HandlerThread:10964 [handler.py:handle_request():158] handle_request: status_report
2024-06-03 09:29:14,286 DEBUG   SenderThread:10964 [sender.py:send_request():405] send_request: poll_exit
2024-06-03 09:29:15,286 DEBUG   HandlerThread:10964 [handler.py:handle_request():158] handle_request: poll_exit
2024-06-03 09:29:15,287 DEBUG   SenderThread:10964 [sender.py:send_request():405] send_request: poll_exit
2024-06-03 09:29:16,299 DEBUG   HandlerThread:10964 [handler.py:handle_request():158] handle_request: poll_exit
2024-06-03 09:29:16,301 DEBUG   SenderThread:10964 [sender.py:send_request():405] send_request: poll_exit
2024-06-03 09:29:17,306 DEBUG   HandlerThread:10964 [handler.py:handle_request():158] handle_request: poll_exit
2024-06-03 09:29:17,307 DEBUG   SenderThread:10964 [sender.py:send_request():405] send_request: poll_exit
2024-06-03 09:29:18,313 DEBUG   HandlerThread:10964 [handler.py:handle_request():158] handle_request: poll_exit
2024-06-03 09:29:18,314 DEBUG   SenderThread:10964 [sender.py:send_request():405] send_request: poll_exit
2024-06-03 09:29:19,318 DEBUG   HandlerThread:10964 [handler.py:handle_request():158] handle_request: poll_exit
2024-06-03 09:29:19,319 DEBUG   HandlerThread:10964 [handler.py:handle_request():158] handle_request: status_report
2024-06-03 09:29:19,321 DEBUG   SenderThread:10964 [sender.py:send_request():405] send_request: poll_exit
2024-06-03 09:29:20,335 DEBUG   HandlerThread:10964 [handler.py:handle_request():158] handle_request: poll_exit
2024-06-03 09:29:20,337 DEBUG   SenderThread:10964 [sender.py:send_request():405] send_request: poll_exit
2024-06-03 09:29:21,339 DEBUG   HandlerThread:10964 [handler.py:handle_request():158] handle_request: poll_exit
2024-06-03 09:29:21,340 DEBUG   SenderThread:10964 [sender.py:send_request():405] send_request: poll_exit
2024-06-03 09:29:22,340 DEBUG   HandlerThread:10964 [handler.py:handle_request():158] handle_request: poll_exit
2024-06-03 09:29:22,341 DEBUG   SenderThread:10964 [sender.py:send_request():405] send_request: poll_exit
2024-06-03 09:29:23,344 DEBUG   HandlerThread:10964 [handler.py:handle_request():158] handle_request: poll_exit
2024-06-03 09:29:23,345 DEBUG   SenderThread:10964 [sender.py:send_request():405] send_request: poll_exit
2024-06-03 09:29:24,349 DEBUG   HandlerThread:10964 [handler.py:handle_request():158] handle_request: status_report
2024-06-03 09:29:24,351 DEBUG   HandlerThread:10964 [handler.py:handle_request():158] handle_request: poll_exit
2024-06-03 09:29:24,352 DEBUG   SenderThread:10964 [sender.py:send_request():405] send_request: poll_exit
2024-06-03 09:29:25,352 DEBUG   HandlerThread:10964 [handler.py:handle_request():158] handle_request: poll_exit
2024-06-03 09:29:25,353 DEBUG   SenderThread:10964 [sender.py:send_request():405] send_request: poll_exit
2024-06-03 09:29:26,356 DEBUG   HandlerThread:10964 [handler.py:handle_request():158] handle_request: poll_exit
2024-06-03 09:29:26,360 DEBUG   SenderThread:10964 [sender.py:send_request():405] send_request: poll_exit
2024-06-03 09:29:27,368 DEBUG   HandlerThread:10964 [handler.py:handle_request():158] handle_request: poll_exit
2024-06-03 09:29:27,369 DEBUG   SenderThread:10964 [sender.py:send_request():405] send_request: poll_exit
2024-06-03 09:29:28,384 DEBUG   HandlerThread:10964 [handler.py:handle_request():158] handle_request: poll_exit
2024-06-03 09:29:28,385 DEBUG   SenderThread:10964 [sender.py:send_request():405] send_request: poll_exit
2024-06-03 09:29:29,389 DEBUG   HandlerThread:10964 [handler.py:handle_request():158] handle_request: status_report
2024-06-03 09:29:29,391 DEBUG   HandlerThread:10964 [handler.py:handle_request():158] handle_request: poll_exit
2024-06-03 09:29:29,392 DEBUG   SenderThread:10964 [sender.py:send_request():405] send_request: poll_exit
2024-06-03 09:29:30,399 DEBUG   HandlerThread:10964 [handler.py:handle_request():158] handle_request: poll_exit
2024-06-03 09:29:30,400 DEBUG   SenderThread:10964 [sender.py:send_request():405] send_request: poll_exit
2024-06-03 09:29:31,408 DEBUG   HandlerThread:10964 [handler.py:handle_request():158] handle_request: poll_exit
2024-06-03 09:29:31,409 DEBUG   SenderThread:10964 [sender.py:send_request():405] send_request: poll_exit
2024-06-03 09:29:32,001 ERROR   wandb-upload_2:10964 [internal_api.py:upload_file():2738] upload_file exception https://storage.googleapis.com/wandb-production.appspot.com/jyzzzzzz/baidu_relation/fbfgbv5q/requirements.txt?Expires=1717464491&GoogleAccessId=gorilla-files-url-signer-man%40wandb-production.iam.gserviceaccount.com&Signature=mwpEGZKqNnYTkIb7ks5A8pPSYdBKH40P6Nfna9D6TAAzYnCE0YlkvgOTNF10oXTLiSJBpEvsrnUhW2zyFXYmNZ2iSB%2Bjt6dPKUtOADDh3cAaDbwSi2MsD%2BJdbwK9LQRJl7mAhz2tquSWnpMkc%2BNOt6D0RsGC3yoyAgRtJbBS8LQnyREp8driQu3aJZWcaZlI5Jyu0VCd62rb%2FQuj5YKJojCsB05Fnw9l4B8%2Be0W6F%2B95Bam1dH3C9zMfP5ub700txa7ghBJgxw%2B4Y%2BSN7jATVZ9Fiull0oBys1u9iIa0lvHvRtAXtP5kP6mS%2B55OjQkkSL6NKALuqK%2B%2FCeYfBH%2BRww%3D%3D: ('Connection aborted.', ConnectionResetError(10054, '远程主机强迫关闭了一个现有的连接。', None, 10054, None))
2024-06-03 09:29:32,001 ERROR   wandb-upload_2:10964 [internal_api.py:upload_file():2740] upload_file request headers: {'User-Agent': 'python-requests/2.26.0', 'Accept-Encoding': 'gzip, deflate, br', 'Accept': '*/*', 'Connection': 'keep-alive', 'Content-Length': '7978'}
2024-06-03 09:29:32,002 ERROR   wandb-upload_2:10964 [internal_api.py:upload_file():2742] upload_file response body: 
2024-06-03 09:29:32,424 DEBUG   HandlerThread:10964 [handler.py:handle_request():158] handle_request: poll_exit
2024-06-03 09:29:32,425 DEBUG   SenderThread:10964 [sender.py:send_request():405] send_request: poll_exit
2024-06-03 09:29:33,440 DEBUG   HandlerThread:10964 [handler.py:handle_request():158] handle_request: poll_exit
2024-06-03 09:29:33,442 DEBUG   SenderThread:10964 [sender.py:send_request():405] send_request: poll_exit
2024-06-03 09:29:34,444 DEBUG   HandlerThread:10964 [handler.py:handle_request():158] handle_request: status_report
2024-06-03 09:29:34,445 DEBUG   HandlerThread:10964 [handler.py:handle_request():158] handle_request: poll_exit
2024-06-03 09:29:34,446 DEBUG   SenderThread:10964 [sender.py:send_request():405] send_request: poll_exit
2024-06-03 09:29:35,462 DEBUG   HandlerThread:10964 [handler.py:handle_request():158] handle_request: poll_exit
2024-06-03 09:29:35,463 DEBUG   SenderThread:10964 [sender.py:send_request():405] send_request: poll_exit
2024-06-03 09:29:36,476 DEBUG   HandlerThread:10964 [handler.py:handle_request():158] handle_request: poll_exit
2024-06-03 09:29:36,477 DEBUG   SenderThread:10964 [sender.py:send_request():405] send_request: poll_exit
2024-06-03 09:29:37,489 DEBUG   HandlerThread:10964 [handler.py:handle_request():158] handle_request: poll_exit
2024-06-03 09:29:37,490 DEBUG   SenderThread:10964 [sender.py:send_request():405] send_request: poll_exit
2024-06-03 09:29:38,500 DEBUG   HandlerThread:10964 [handler.py:handle_request():158] handle_request: poll_exit
2024-06-03 09:29:38,501 DEBUG   SenderThread:10964 [sender.py:send_request():405] send_request: poll_exit
2024-06-03 09:29:39,507 DEBUG   HandlerThread:10964 [handler.py:handle_request():158] handle_request: poll_exit
2024-06-03 09:29:39,508 DEBUG   SenderThread:10964 [sender.py:send_request():405] send_request: poll_exit
2024-06-03 09:29:39,509 DEBUG   HandlerThread:10964 [handler.py:handle_request():158] handle_request: status_report
2024-06-03 09:29:40,511 DEBUG   HandlerThread:10964 [handler.py:handle_request():158] handle_request: poll_exit
2024-06-03 09:29:40,513 DEBUG   SenderThread:10964 [sender.py:send_request():405] send_request: poll_exit
2024-06-03 09:29:41,517 DEBUG   HandlerThread:10964 [handler.py:handle_request():158] handle_request: poll_exit
2024-06-03 09:29:41,517 DEBUG   SenderThread:10964 [sender.py:send_request():405] send_request: poll_exit
2024-06-03 09:29:42,521 DEBUG   HandlerThread:10964 [handler.py:handle_request():158] handle_request: poll_exit
2024-06-03 09:29:42,522 DEBUG   SenderThread:10964 [sender.py:send_request():405] send_request: poll_exit
2024-06-03 09:29:43,536 DEBUG   HandlerThread:10964 [handler.py:handle_request():158] handle_request: poll_exit
2024-06-03 09:29:43,537 DEBUG   SenderThread:10964 [sender.py:send_request():405] send_request: poll_exit
2024-06-03 09:29:44,545 DEBUG   HandlerThread:10964 [handler.py:handle_request():158] handle_request: status_report
2024-06-03 09:29:44,546 DEBUG   HandlerThread:10964 [handler.py:handle_request():158] handle_request: poll_exit
2024-06-03 09:29:44,547 DEBUG   SenderThread:10964 [sender.py:send_request():405] send_request: poll_exit
2024-06-03 09:29:45,555 DEBUG   HandlerThread:10964 [handler.py:handle_request():158] handle_request: poll_exit
2024-06-03 09:29:45,556 DEBUG   SenderThread:10964 [sender.py:send_request():405] send_request: poll_exit
2024-06-03 09:29:46,570 DEBUG   HandlerThread:10964 [handler.py:handle_request():158] handle_request: poll_exit
2024-06-03 09:29:46,572 DEBUG   SenderThread:10964 [sender.py:send_request():405] send_request: poll_exit
2024-06-03 09:29:47,572 DEBUG   HandlerThread:10964 [handler.py:handle_request():158] handle_request: poll_exit
2024-06-03 09:29:47,573 DEBUG   SenderThread:10964 [sender.py:send_request():405] send_request: poll_exit
2024-06-03 09:29:48,587 DEBUG   HandlerThread:10964 [handler.py:handle_request():158] handle_request: poll_exit
2024-06-03 09:29:48,588 DEBUG   SenderThread:10964 [sender.py:send_request():405] send_request: poll_exit
2024-06-03 09:29:49,591 DEBUG   HandlerThread:10964 [handler.py:handle_request():158] handle_request: status_report
2024-06-03 09:29:49,592 DEBUG   HandlerThread:10964 [handler.py:handle_request():158] handle_request: poll_exit
2024-06-03 09:29:49,593 DEBUG   SenderThread:10964 [sender.py:send_request():405] send_request: poll_exit
2024-06-03 09:29:50,604 DEBUG   HandlerThread:10964 [handler.py:handle_request():158] handle_request: poll_exit
2024-06-03 09:29:50,605 DEBUG   SenderThread:10964 [sender.py:send_request():405] send_request: poll_exit
2024-06-03 09:29:51,621 DEBUG   HandlerThread:10964 [handler.py:handle_request():158] handle_request: poll_exit
2024-06-03 09:29:51,622 DEBUG   SenderThread:10964 [sender.py:send_request():405] send_request: poll_exit
2024-06-03 09:29:52,625 DEBUG   HandlerThread:10964 [handler.py:handle_request():158] handle_request: poll_exit
2024-06-03 09:29:52,626 DEBUG   SenderThread:10964 [sender.py:send_request():405] send_request: poll_exit
2024-06-03 09:29:53,635 DEBUG   HandlerThread:10964 [handler.py:handle_request():158] handle_request: poll_exit
2024-06-03 09:29:53,647 DEBUG   SenderThread:10964 [sender.py:send_request():405] send_request: poll_exit
2024-06-03 09:29:54,647 DEBUG   HandlerThread:10964 [handler.py:handle_request():158] handle_request: poll_exit
2024-06-03 09:29:54,648 DEBUG   SenderThread:10964 [sender.py:send_request():405] send_request: poll_exit
2024-06-03 09:29:54,649 DEBUG   HandlerThread:10964 [handler.py:handle_request():158] handle_request: status_report
2024-06-03 09:29:55,652 DEBUG   HandlerThread:10964 [handler.py:handle_request():158] handle_request: poll_exit
2024-06-03 09:29:55,653 DEBUG   SenderThread:10964 [sender.py:send_request():405] send_request: poll_exit
2024-06-03 09:29:56,658 DEBUG   HandlerThread:10964 [handler.py:handle_request():158] handle_request: poll_exit
2024-06-03 09:29:56,659 DEBUG   SenderThread:10964 [sender.py:send_request():405] send_request: poll_exit
2024-06-03 09:29:57,673 DEBUG   HandlerThread:10964 [handler.py:handle_request():158] handle_request: poll_exit
2024-06-03 09:29:57,674 DEBUG   SenderThread:10964 [sender.py:send_request():405] send_request: poll_exit
2024-06-03 09:29:58,678 DEBUG   HandlerThread:10964 [handler.py:handle_request():158] handle_request: poll_exit
2024-06-03 09:29:58,679 DEBUG   SenderThread:10964 [sender.py:send_request():405] send_request: poll_exit
2024-06-03 09:29:59,688 DEBUG   HandlerThread:10964 [handler.py:handle_request():158] handle_request: poll_exit
2024-06-03 09:29:59,688 DEBUG   HandlerThread:10964 [handler.py:handle_request():158] handle_request: status_report
2024-06-03 09:29:59,690 DEBUG   SenderThread:10964 [sender.py:send_request():405] send_request: poll_exit
2024-06-03 09:30:00,702 DEBUG   HandlerThread:10964 [handler.py:handle_request():158] handle_request: poll_exit
2024-06-03 09:30:00,703 DEBUG   SenderThread:10964 [sender.py:send_request():405] send_request: poll_exit
2024-06-03 09:30:01,702 DEBUG   HandlerThread:10964 [handler.py:handle_request():158] handle_request: poll_exit
2024-06-03 09:30:01,703 DEBUG   SenderThread:10964 [sender.py:send_request():405] send_request: poll_exit
2024-06-03 09:30:02,705 DEBUG   HandlerThread:10964 [handler.py:handle_request():158] handle_request: poll_exit
2024-06-03 09:30:02,707 DEBUG   SenderThread:10964 [sender.py:send_request():405] send_request: poll_exit
2024-06-03 09:30:03,721 DEBUG   HandlerThread:10964 [handler.py:handle_request():158] handle_request: poll_exit
2024-06-03 09:30:03,723 DEBUG   SenderThread:10964 [sender.py:send_request():405] send_request: poll_exit
2024-06-03 09:30:04,727 DEBUG   HandlerThread:10964 [handler.py:handle_request():158] handle_request: poll_exit
2024-06-03 09:30:04,728 DEBUG   HandlerThread:10964 [handler.py:handle_request():158] handle_request: status_report
2024-06-03 09:30:04,729 DEBUG   SenderThread:10964 [sender.py:send_request():405] send_request: poll_exit
2024-06-03 09:30:05,742 DEBUG   HandlerThread:10964 [handler.py:handle_request():158] handle_request: poll_exit
2024-06-03 09:30:05,743 DEBUG   SenderThread:10964 [sender.py:send_request():405] send_request: poll_exit
2024-06-03 09:30:06,746 DEBUG   HandlerThread:10964 [handler.py:handle_request():158] handle_request: poll_exit
2024-06-03 09:30:06,747 DEBUG   SenderThread:10964 [sender.py:send_request():405] send_request: poll_exit
2024-06-03 09:30:07,762 DEBUG   HandlerThread:10964 [handler.py:handle_request():158] handle_request: poll_exit
2024-06-03 09:30:07,763 DEBUG   SenderThread:10964 [sender.py:send_request():405] send_request: poll_exit
2024-06-03 09:30:08,783 DEBUG   HandlerThread:10964 [handler.py:handle_request():158] handle_request: poll_exit
2024-06-03 09:30:08,784 DEBUG   SenderThread:10964 [sender.py:send_request():405] send_request: poll_exit
2024-06-03 09:30:09,574 ERROR   wandb-upload_2:10964 [internal_api.py:upload_file():2738] upload_file exception https://storage.googleapis.com/wandb-production.appspot.com/jyzzzzzz/baidu_relation/fbfgbv5q/requirements.txt?Expires=1717464491&GoogleAccessId=gorilla-files-url-signer-man%40wandb-production.iam.gserviceaccount.com&Signature=mwpEGZKqNnYTkIb7ks5A8pPSYdBKH40P6Nfna9D6TAAzYnCE0YlkvgOTNF10oXTLiSJBpEvsrnUhW2zyFXYmNZ2iSB%2Bjt6dPKUtOADDh3cAaDbwSi2MsD%2BJdbwK9LQRJl7mAhz2tquSWnpMkc%2BNOt6D0RsGC3yoyAgRtJbBS8LQnyREp8driQu3aJZWcaZlI5Jyu0VCd62rb%2FQuj5YKJojCsB05Fnw9l4B8%2Be0W6F%2B95Bam1dH3C9zMfP5ub700txa7ghBJgxw%2B4Y%2BSN7jATVZ9Fiull0oBys1u9iIa0lvHvRtAXtP5kP6mS%2B55OjQkkSL6NKALuqK%2B%2FCeYfBH%2BRww%3D%3D: ('Connection aborted.', ConnectionResetError(10054, '远程主机强迫关闭了一个现有的连接。', None, 10054, None))
2024-06-03 09:30:09,575 ERROR   wandb-upload_2:10964 [internal_api.py:upload_file():2740] upload_file request headers: {'User-Agent': 'python-requests/2.26.0', 'Accept-Encoding': 'gzip, deflate, br', 'Accept': '*/*', 'Connection': 'keep-alive', 'Content-Length': '7978'}
2024-06-03 09:30:09,575 ERROR   wandb-upload_2:10964 [internal_api.py:upload_file():2742] upload_file response body: 
2024-06-03 09:30:09,792 DEBUG   HandlerThread:10964 [handler.py:handle_request():158] handle_request: poll_exit
2024-06-03 09:30:09,801 DEBUG   SenderThread:10964 [sender.py:send_request():405] send_request: poll_exit
2024-06-03 09:30:09,806 DEBUG   HandlerThread:10964 [handler.py:handle_request():158] handle_request: status_report
2024-06-03 09:30:10,805 DEBUG   HandlerThread:10964 [handler.py:handle_request():158] handle_request: poll_exit
2024-06-03 09:30:10,806 DEBUG   SenderThread:10964 [sender.py:send_request():405] send_request: poll_exit
2024-06-03 09:30:11,821 DEBUG   HandlerThread:10964 [handler.py:handle_request():158] handle_request: poll_exit
2024-06-03 09:30:11,822 DEBUG   SenderThread:10964 [sender.py:send_request():405] send_request: poll_exit
2024-06-03 09:30:12,825 DEBUG   HandlerThread:10964 [handler.py:handle_request():158] handle_request: poll_exit
2024-06-03 09:30:12,826 DEBUG   SenderThread:10964 [sender.py:send_request():405] send_request: poll_exit
2024-06-03 09:30:13,839 DEBUG   HandlerThread:10964 [handler.py:handle_request():158] handle_request: poll_exit
2024-06-03 09:30:13,840 DEBUG   SenderThread:10964 [sender.py:send_request():405] send_request: poll_exit
2024-06-03 09:30:14,844 DEBUG   HandlerThread:10964 [handler.py:handle_request():158] handle_request: status_report
2024-06-03 09:30:14,846 DEBUG   HandlerThread:10964 [handler.py:handle_request():158] handle_request: poll_exit
2024-06-03 09:30:14,847 DEBUG   SenderThread:10964 [sender.py:send_request():405] send_request: poll_exit
2024-06-03 09:30:15,849 DEBUG   HandlerThread:10964 [handler.py:handle_request():158] handle_request: poll_exit
2024-06-03 09:30:15,850 DEBUG   SenderThread:10964 [sender.py:send_request():405] send_request: poll_exit
2024-06-03 09:30:16,864 DEBUG   HandlerThread:10964 [handler.py:handle_request():158] handle_request: poll_exit
2024-06-03 09:30:16,866 DEBUG   SenderThread:10964 [sender.py:send_request():405] send_request: poll_exit
2024-06-03 09:30:17,877 DEBUG   HandlerThread:10964 [handler.py:handle_request():158] handle_request: poll_exit
2024-06-03 09:30:17,878 DEBUG   SenderThread:10964 [sender.py:send_request():405] send_request: poll_exit
2024-06-03 09:30:18,888 DEBUG   HandlerThread:10964 [handler.py:handle_request():158] handle_request: poll_exit
2024-06-03 09:30:18,889 DEBUG   SenderThread:10964 [sender.py:send_request():405] send_request: poll_exit
2024-06-03 09:30:19,903 DEBUG   HandlerThread:10964 [handler.py:handle_request():158] handle_request: poll_exit
2024-06-03 09:30:19,904 DEBUG   SenderThread:10964 [sender.py:send_request():405] send_request: poll_exit
2024-06-03 09:30:19,904 DEBUG   HandlerThread:10964 [handler.py:handle_request():158] handle_request: status_report
2024-06-03 09:30:20,908 DEBUG   HandlerThread:10964 [handler.py:handle_request():158] handle_request: poll_exit
2024-06-03 09:30:20,910 DEBUG   SenderThread:10964 [sender.py:send_request():405] send_request: poll_exit
2024-06-03 09:30:21,910 DEBUG   HandlerThread:10964 [handler.py:handle_request():158] handle_request: poll_exit
2024-06-03 09:30:21,911 DEBUG   SenderThread:10964 [sender.py:send_request():405] send_request: poll_exit
2024-06-03 09:30:22,931 DEBUG   HandlerThread:10964 [handler.py:handle_request():158] handle_request: poll_exit
2024-06-03 09:30:22,932 DEBUG   SenderThread:10964 [sender.py:send_request():405] send_request: poll_exit
2024-06-03 09:30:23,936 DEBUG   HandlerThread:10964 [handler.py:handle_request():158] handle_request: poll_exit
2024-06-03 09:30:23,937 DEBUG   SenderThread:10964 [sender.py:send_request():405] send_request: poll_exit
2024-06-03 09:30:24,951 DEBUG   HandlerThread:10964 [handler.py:handle_request():158] handle_request: poll_exit
2024-06-03 09:30:24,952 DEBUG   HandlerThread:10964 [handler.py:handle_request():158] handle_request: status_report
2024-06-03 09:30:24,953 DEBUG   SenderThread:10964 [sender.py:send_request():405] send_request: poll_exit
2024-06-03 09:30:25,960 DEBUG   HandlerThread:10964 [handler.py:handle_request():158] handle_request: poll_exit
2024-06-03 09:30:25,961 DEBUG   SenderThread:10964 [sender.py:send_request():405] send_request: poll_exit
2024-06-03 09:30:26,971 DEBUG   HandlerThread:10964 [handler.py:handle_request():158] handle_request: poll_exit
2024-06-03 09:30:26,972 DEBUG   SenderThread:10964 [sender.py:send_request():405] send_request: poll_exit
2024-06-03 09:30:27,982 DEBUG   HandlerThread:10964 [handler.py:handle_request():158] handle_request: poll_exit
2024-06-03 09:30:27,983 DEBUG   SenderThread:10964 [sender.py:send_request():405] send_request: poll_exit
2024-06-03 09:30:28,997 DEBUG   HandlerThread:10964 [handler.py:handle_request():158] handle_request: poll_exit
2024-06-03 09:30:28,998 DEBUG   SenderThread:10964 [sender.py:send_request():405] send_request: poll_exit
2024-06-03 09:30:30,002 DEBUG   HandlerThread:10964 [handler.py:handle_request():158] handle_request: poll_exit
2024-06-03 09:30:30,003 DEBUG   SenderThread:10964 [sender.py:send_request():405] send_request: poll_exit
2024-06-03 09:30:30,004 DEBUG   HandlerThread:10964 [handler.py:handle_request():158] handle_request: status_report
2024-06-03 09:30:31,015 DEBUG   HandlerThread:10964 [handler.py:handle_request():158] handle_request: poll_exit
2024-06-03 09:30:31,016 DEBUG   SenderThread:10964 [sender.py:send_request():405] send_request: poll_exit
2024-06-03 09:30:32,027 DEBUG   HandlerThread:10964 [handler.py:handle_request():158] handle_request: poll_exit
2024-06-03 09:30:32,028 DEBUG   SenderThread:10964 [sender.py:send_request():405] send_request: poll_exit
2024-06-03 09:30:33,035 DEBUG   HandlerThread:10964 [handler.py:handle_request():158] handle_request: poll_exit
2024-06-03 09:30:33,036 DEBUG   SenderThread:10964 [sender.py:send_request():405] send_request: poll_exit
2024-06-03 09:30:34,058 DEBUG   HandlerThread:10964 [handler.py:handle_request():158] handle_request: poll_exit
2024-06-03 09:30:34,085 DEBUG   SenderThread:10964 [sender.py:send_request():405] send_request: poll_exit
2024-06-03 09:30:35,065 DEBUG   HandlerThread:10964 [handler.py:handle_request():158] handle_request: poll_exit
2024-06-03 09:30:35,066 DEBUG   SenderThread:10964 [sender.py:send_request():405] send_request: poll_exit
2024-06-03 09:30:35,067 DEBUG   HandlerThread:10964 [handler.py:handle_request():158] handle_request: status_report
2024-06-03 09:30:36,078 DEBUG   HandlerThread:10964 [handler.py:handle_request():158] handle_request: poll_exit
2024-06-03 09:30:36,079 DEBUG   SenderThread:10964 [sender.py:send_request():405] send_request: poll_exit
2024-06-03 09:30:37,092 DEBUG   HandlerThread:10964 [handler.py:handle_request():158] handle_request: poll_exit
2024-06-03 09:30:37,094 DEBUG   SenderThread:10964 [sender.py:send_request():405] send_request: poll_exit
2024-06-03 09:30:38,107 DEBUG   HandlerThread:10964 [handler.py:handle_request():158] handle_request: poll_exit
2024-06-03 09:30:38,108 DEBUG   SenderThread:10964 [sender.py:send_request():405] send_request: poll_exit
2024-06-03 09:30:39,112 DEBUG   HandlerThread:10964 [handler.py:handle_request():158] handle_request: poll_exit
2024-06-03 09:30:39,113 DEBUG   SenderThread:10964 [sender.py:send_request():405] send_request: poll_exit
2024-06-03 09:30:40,122 DEBUG   HandlerThread:10964 [handler.py:handle_request():158] handle_request: status_report
2024-06-03 09:30:40,123 DEBUG   HandlerThread:10964 [handler.py:handle_request():158] handle_request: poll_exit
2024-06-03 09:30:40,124 DEBUG   SenderThread:10964 [sender.py:send_request():405] send_request: poll_exit
2024-06-03 09:30:41,139 DEBUG   HandlerThread:10964 [handler.py:handle_request():158] handle_request: poll_exit
2024-06-03 09:30:41,140 DEBUG   SenderThread:10964 [sender.py:send_request():405] send_request: poll_exit
2024-06-03 09:30:42,151 DEBUG   HandlerThread:10964 [handler.py:handle_request():158] handle_request: poll_exit
2024-06-03 09:30:42,152 DEBUG   SenderThread:10964 [sender.py:send_request():405] send_request: poll_exit
2024-06-03 09:30:43,165 DEBUG   HandlerThread:10964 [handler.py:handle_request():158] handle_request: poll_exit
2024-06-03 09:30:43,166 DEBUG   SenderThread:10964 [sender.py:send_request():405] send_request: poll_exit
2024-06-03 09:30:44,174 DEBUG   HandlerThread:10964 [handler.py:handle_request():158] handle_request: poll_exit
2024-06-03 09:30:44,175 DEBUG   SenderThread:10964 [sender.py:send_request():405] send_request: poll_exit
2024-06-03 09:30:45,197 DEBUG   HandlerThread:10964 [handler.py:handle_request():158] handle_request: poll_exit
2024-06-03 09:30:45,217 DEBUG   SenderThread:10964 [sender.py:send_request():405] send_request: poll_exit
2024-06-03 09:30:45,232 DEBUG   HandlerThread:10964 [handler.py:handle_request():158] handle_request: status_report
2024-06-03 09:30:46,201 DEBUG   HandlerThread:10964 [handler.py:handle_request():158] handle_request: poll_exit
2024-06-03 09:30:46,203 DEBUG   SenderThread:10964 [sender.py:send_request():405] send_request: poll_exit
2024-06-03 09:30:47,213 DEBUG   HandlerThread:10964 [handler.py:handle_request():158] handle_request: poll_exit
2024-06-03 09:30:47,214 DEBUG   SenderThread:10964 [sender.py:send_request():405] send_request: poll_exit
2024-06-03 09:30:48,222 DEBUG   HandlerThread:10964 [handler.py:handle_request():158] handle_request: poll_exit
2024-06-03 09:30:48,223 DEBUG   SenderThread:10964 [sender.py:send_request():405] send_request: poll_exit
2024-06-03 09:30:49,234 DEBUG   HandlerThread:10964 [handler.py:handle_request():158] handle_request: poll_exit
2024-06-03 09:30:49,235 DEBUG   SenderThread:10964 [sender.py:send_request():405] send_request: poll_exit
2024-06-03 09:30:50,238 DEBUG   HandlerThread:10964 [handler.py:handle_request():158] handle_request: status_report
2024-06-03 09:30:50,240 DEBUG   HandlerThread:10964 [handler.py:handle_request():158] handle_request: poll_exit
2024-06-03 09:30:50,241 DEBUG   SenderThread:10964 [sender.py:send_request():405] send_request: poll_exit
2024-06-03 09:30:51,246 DEBUG   HandlerThread:10964 [handler.py:handle_request():158] handle_request: poll_exit
2024-06-03 09:30:51,247 DEBUG   SenderThread:10964 [sender.py:send_request():405] send_request: poll_exit
2024-06-03 09:30:52,257 DEBUG   HandlerThread:10964 [handler.py:handle_request():158] handle_request: poll_exit
2024-06-03 09:30:52,260 DEBUG   SenderThread:10964 [sender.py:send_request():405] send_request: poll_exit
2024-06-03 09:30:53,269 DEBUG   HandlerThread:10964 [handler.py:handle_request():158] handle_request: poll_exit
2024-06-03 09:30:53,270 DEBUG   SenderThread:10964 [sender.py:send_request():405] send_request: poll_exit
2024-06-03 09:30:54,281 DEBUG   HandlerThread:10964 [handler.py:handle_request():158] handle_request: poll_exit
2024-06-03 09:30:54,282 DEBUG   SenderThread:10964 [sender.py:send_request():405] send_request: poll_exit
2024-06-03 09:30:55,286 DEBUG   HandlerThread:10964 [handler.py:handle_request():158] handle_request: poll_exit
2024-06-03 09:30:55,287 DEBUG   SenderThread:10964 [sender.py:send_request():405] send_request: poll_exit
2024-06-03 09:30:55,288 DEBUG   HandlerThread:10964 [handler.py:handle_request():158] handle_request: status_report
2024-06-03 09:30:56,301 DEBUG   HandlerThread:10964 [handler.py:handle_request():158] handle_request: poll_exit
2024-06-03 09:30:56,302 DEBUG   SenderThread:10964 [sender.py:send_request():405] send_request: poll_exit
2024-06-03 09:30:57,316 DEBUG   HandlerThread:10964 [handler.py:handle_request():158] handle_request: poll_exit
2024-06-03 09:30:57,317 DEBUG   SenderThread:10964 [sender.py:send_request():405] send_request: poll_exit
2024-06-03 09:30:58,326 DEBUG   HandlerThread:10964 [handler.py:handle_request():158] handle_request: poll_exit
2024-06-03 09:30:58,327 DEBUG   SenderThread:10964 [sender.py:send_request():405] send_request: poll_exit
2024-06-03 09:30:59,330 DEBUG   HandlerThread:10964 [handler.py:handle_request():158] handle_request: poll_exit
2024-06-03 09:30:59,332 DEBUG   SenderThread:10964 [sender.py:send_request():405] send_request: poll_exit
2024-06-03 09:31:00,344 DEBUG   HandlerThread:10964 [handler.py:handle_request():158] handle_request: status_report
2024-06-03 09:31:00,345 DEBUG   HandlerThread:10964 [handler.py:handle_request():158] handle_request: poll_exit
2024-06-03 09:31:00,346 DEBUG   SenderThread:10964 [sender.py:send_request():405] send_request: poll_exit
2024-06-03 09:31:01,353 DEBUG   HandlerThread:10964 [handler.py:handle_request():158] handle_request: poll_exit
2024-06-03 09:31:01,354 DEBUG   SenderThread:10964 [sender.py:send_request():405] send_request: poll_exit
2024-06-03 09:31:02,357 DEBUG   HandlerThread:10964 [handler.py:handle_request():158] handle_request: poll_exit
2024-06-03 09:31:02,363 DEBUG   SenderThread:10964 [sender.py:send_request():405] send_request: poll_exit
2024-06-03 09:31:03,362 DEBUG   HandlerThread:10964 [handler.py:handle_request():158] handle_request: poll_exit
2024-06-03 09:31:03,363 DEBUG   SenderThread:10964 [sender.py:send_request():405] send_request: poll_exit
2024-06-03 09:31:04,370 DEBUG   HandlerThread:10964 [handler.py:handle_request():158] handle_request: poll_exit
2024-06-03 09:31:04,371 DEBUG   SenderThread:10964 [sender.py:send_request():405] send_request: poll_exit
2024-06-03 09:31:05,389 DEBUG   HandlerThread:10964 [handler.py:handle_request():158] handle_request: poll_exit
2024-06-03 09:31:05,393 DEBUG   SenderThread:10964 [sender.py:send_request():405] send_request: poll_exit
2024-06-03 09:31:05,397 DEBUG   HandlerThread:10964 [handler.py:handle_request():158] handle_request: status_report
2024-06-03 09:31:06,395 DEBUG   HandlerThread:10964 [handler.py:handle_request():158] handle_request: poll_exit
2024-06-03 09:31:06,396 DEBUG   SenderThread:10964 [sender.py:send_request():405] send_request: poll_exit
2024-06-03 09:31:07,411 DEBUG   HandlerThread:10964 [handler.py:handle_request():158] handle_request: poll_exit
2024-06-03 09:31:07,412 DEBUG   SenderThread:10964 [sender.py:send_request():405] send_request: poll_exit
2024-06-03 09:31:08,437 DEBUG   HandlerThread:10964 [handler.py:handle_request():158] handle_request: poll_exit
2024-06-03 09:31:08,516 DEBUG   SenderThread:10964 [sender.py:send_request():405] send_request: poll_exit
2024-06-03 09:31:09,455 DEBUG   HandlerThread:10964 [handler.py:handle_request():158] handle_request: poll_exit
2024-06-03 09:31:09,456 DEBUG   SenderThread:10964 [sender.py:send_request():405] send_request: poll_exit
2024-06-03 09:31:10,457 DEBUG   HandlerThread:10964 [handler.py:handle_request():158] handle_request: poll_exit
2024-06-03 09:31:10,458 DEBUG   HandlerThread:10964 [handler.py:handle_request():158] handle_request: status_report
2024-06-03 09:31:10,459 DEBUG   SenderThread:10964 [sender.py:send_request():405] send_request: poll_exit
2024-06-03 09:31:11,464 DEBUG   HandlerThread:10964 [handler.py:handle_request():158] handle_request: poll_exit
2024-06-03 09:31:11,465 DEBUG   SenderThread:10964 [sender.py:send_request():405] send_request: poll_exit
2024-06-03 09:31:12,471 DEBUG   HandlerThread:10964 [handler.py:handle_request():158] handle_request: poll_exit
2024-06-03 09:31:12,472 DEBUG   SenderThread:10964 [sender.py:send_request():405] send_request: poll_exit
2024-06-03 09:31:13,477 DEBUG   HandlerThread:10964 [handler.py:handle_request():158] handle_request: poll_exit
2024-06-03 09:31:13,478 DEBUG   SenderThread:10964 [sender.py:send_request():405] send_request: poll_exit
2024-06-03 09:31:14,488 DEBUG   HandlerThread:10964 [handler.py:handle_request():158] handle_request: poll_exit
2024-06-03 09:31:14,489 DEBUG   SenderThread:10964 [sender.py:send_request():405] send_request: poll_exit
2024-06-03 09:31:15,491 DEBUG   HandlerThread:10964 [handler.py:handle_request():158] handle_request: poll_exit
2024-06-03 09:31:15,492 DEBUG   SenderThread:10964 [sender.py:send_request():405] send_request: poll_exit
2024-06-03 09:31:15,492 DEBUG   HandlerThread:10964 [handler.py:handle_request():158] handle_request: status_report
2024-06-03 09:31:16,493 DEBUG   HandlerThread:10964 [handler.py:handle_request():158] handle_request: poll_exit
2024-06-03 09:31:16,494 DEBUG   SenderThread:10964 [sender.py:send_request():405] send_request: poll_exit
2024-06-03 09:31:17,507 DEBUG   HandlerThread:10964 [handler.py:handle_request():158] handle_request: poll_exit
2024-06-03 09:31:17,508 DEBUG   SenderThread:10964 [sender.py:send_request():405] send_request: poll_exit
2024-06-03 09:31:18,515 DEBUG   HandlerThread:10964 [handler.py:handle_request():158] handle_request: poll_exit
2024-06-03 09:31:18,516 DEBUG   SenderThread:10964 [sender.py:send_request():405] send_request: poll_exit
2024-06-03 09:31:19,519 DEBUG   HandlerThread:10964 [handler.py:handle_request():158] handle_request: poll_exit
2024-06-03 09:31:19,520 DEBUG   SenderThread:10964 [sender.py:send_request():405] send_request: poll_exit
2024-06-03 09:31:20,533 DEBUG   HandlerThread:10964 [handler.py:handle_request():158] handle_request: status_report
2024-06-03 09:31:20,534 DEBUG   HandlerThread:10964 [handler.py:handle_request():158] handle_request: poll_exit
2024-06-03 09:31:20,535 DEBUG   SenderThread:10964 [sender.py:send_request():405] send_request: poll_exit
2024-06-03 09:31:21,547 DEBUG   HandlerThread:10964 [handler.py:handle_request():158] handle_request: poll_exit
2024-06-03 09:31:21,548 DEBUG   SenderThread:10964 [sender.py:send_request():405] send_request: poll_exit
2024-06-03 09:31:22,558 DEBUG   HandlerThread:10964 [handler.py:handle_request():158] handle_request: poll_exit
2024-06-03 09:31:22,560 DEBUG   SenderThread:10964 [sender.py:send_request():405] send_request: poll_exit
2024-06-03 09:31:23,563 DEBUG   HandlerThread:10964 [handler.py:handle_request():158] handle_request: poll_exit
2024-06-03 09:31:23,564 DEBUG   SenderThread:10964 [sender.py:send_request():405] send_request: poll_exit
2024-06-03 09:31:24,567 DEBUG   HandlerThread:10964 [handler.py:handle_request():158] handle_request: poll_exit
2024-06-03 09:31:24,568 DEBUG   SenderThread:10964 [sender.py:send_request():405] send_request: poll_exit
2024-06-03 09:31:25,598 DEBUG   HandlerThread:10964 [handler.py:handle_request():158] handle_request: status_report
2024-06-03 09:31:25,599 DEBUG   HandlerThread:10964 [handler.py:handle_request():158] handle_request: poll_exit
2024-06-03 09:31:25,601 DEBUG   SenderThread:10964 [sender.py:send_request():405] send_request: poll_exit
2024-06-03 09:31:26,603 DEBUG   HandlerThread:10964 [handler.py:handle_request():158] handle_request: poll_exit
2024-06-03 09:31:26,605 DEBUG   SenderThread:10964 [sender.py:send_request():405] send_request: poll_exit
2024-06-03 09:31:27,248 INFO    wandb-upload_2:10964 [upload_job.py:push():130] Uploaded file E:\JYZ_projects_python\J230724_NLP_lab640\J240601_TPLinker\TPlinker-ycy-main\TPLinker\tplinker\wandb\run-20240603_092757-fbfgbv5q\files\requirements.txt
2024-06-03 09:31:27,463 INFO    Thread-15 :10964 [sender.py:transition_state():613] send defer: 11
2024-06-03 09:31:27,464 DEBUG   HandlerThread:10964 [handler.py:handle_request():158] handle_request: defer
2024-06-03 09:31:27,464 INFO    HandlerThread:10964 [handler.py:handle_request_defer():184] handle defer: 11
2024-06-03 09:31:27,465 DEBUG   SenderThread:10964 [sender.py:send_request():405] send_request: defer
2024-06-03 09:31:27,466 INFO    SenderThread:10964 [sender.py:send_request_defer():609] handle sender defer: 11
2024-06-03 09:31:27,466 INFO    SenderThread:10964 [file_pusher.py:join():175] waiting for file pusher
2024-06-03 09:31:27,468 INFO    SenderThread:10964 [sender.py:transition_state():613] send defer: 12
2024-06-03 09:31:27,469 DEBUG   HandlerThread:10964 [handler.py:handle_request():158] handle_request: defer
2024-06-03 09:31:27,469 INFO    HandlerThread:10964 [handler.py:handle_request_defer():184] handle defer: 12
2024-06-03 09:31:27,470 DEBUG   SenderThread:10964 [sender.py:send_request():405] send_request: defer
2024-06-03 09:31:27,470 INFO    SenderThread:10964 [sender.py:send_request_defer():609] handle sender defer: 12
2024-06-03 09:31:27,470 INFO    SenderThread:10964 [file_stream.py:finish():601] file stream finish called
2024-06-03 09:31:27,618 DEBUG   HandlerThread:10964 [handler.py:handle_request():158] handle_request: poll_exit
2024-06-03 09:31:27,731 INFO    SenderThread:10964 [file_stream.py:finish():605] file stream finish is done
2024-06-03 09:31:27,731 INFO    SenderThread:10964 [sender.py:transition_state():613] send defer: 13
2024-06-03 09:31:27,731 DEBUG   SenderThread:10964 [sender.py:send_request():405] send_request: poll_exit
2024-06-03 09:31:27,732 DEBUG   HandlerThread:10964 [handler.py:handle_request():158] handle_request: defer
2024-06-03 09:31:27,732 INFO    HandlerThread:10964 [handler.py:handle_request_defer():184] handle defer: 13
2024-06-03 09:31:27,733 DEBUG   SenderThread:10964 [sender.py:send_request():405] send_request: defer
2024-06-03 09:31:27,733 INFO    SenderThread:10964 [sender.py:send_request_defer():609] handle sender defer: 13
2024-06-03 09:31:27,734 INFO    SenderThread:10964 [sender.py:transition_state():613] send defer: 14
2024-06-03 09:31:27,734 DEBUG   HandlerThread:10964 [handler.py:handle_request():158] handle_request: defer
2024-06-03 09:31:27,735 INFO    HandlerThread:10964 [handler.py:handle_request_defer():184] handle defer: 14
2024-06-03 09:31:27,736 DEBUG   SenderThread:10964 [sender.py:send():378] send: final
2024-06-03 09:31:27,736 DEBUG   SenderThread:10964 [sender.py:send():378] send: footer
2024-06-03 09:31:27,736 DEBUG   SenderThread:10964 [sender.py:send_request():405] send_request: defer
2024-06-03 09:31:27,737 INFO    SenderThread:10964 [sender.py:send_request_defer():609] handle sender defer: 14
2024-06-03 09:31:27,739 DEBUG   HandlerThread:10964 [handler.py:handle_request():158] handle_request: poll_exit
2024-06-03 09:31:27,739 DEBUG   HandlerThread:10964 [handler.py:handle_request():158] handle_request: poll_exit
2024-06-03 09:31:27,739 DEBUG   HandlerThread:10964 [handler.py:handle_request():158] handle_request: server_info
2024-06-03 09:31:27,740 DEBUG   HandlerThread:10964 [handler.py:handle_request():158] handle_request: get_summary
2024-06-03 09:31:27,740 DEBUG   HandlerThread:10964 [handler.py:handle_request():158] handle_request: sampled_history
2024-06-03 09:31:27,742 DEBUG   HandlerThread:10964 [handler.py:handle_request():158] handle_request: internal_messages
2024-06-03 09:31:27,743 DEBUG   SenderThread:10964 [sender.py:send_request():405] send_request: poll_exit
2024-06-03 09:31:27,743 DEBUG   SenderThread:10964 [sender.py:send_request():405] send_request: poll_exit
2024-06-03 09:31:27,744 DEBUG   SenderThread:10964 [sender.py:send_request():405] send_request: server_info
2024-06-03 09:31:32,797 DEBUG   HandlerThread:10964 [handler.py:handle_request():158] handle_request: keepalive
2024-06-03 09:31:37,823 DEBUG   HandlerThread:10964 [handler.py:handle_request():158] handle_request: keepalive
2024-06-03 09:31:42,880 DEBUG   HandlerThread:10964 [handler.py:handle_request():158] handle_request: keepalive
2024-06-03 09:31:47,925 DEBUG   HandlerThread:10964 [handler.py:handle_request():158] handle_request: keepalive
2024-06-03 09:31:48,595 DEBUG   HandlerThread:10964 [handler.py:handle_request():158] handle_request: status_report
2024-06-03 09:31:48,596 INFO    MainThread:10964 [wandb_run.py:_footer_history_summary_info():3994] rendering history
2024-06-03 09:31:48,596 INFO    MainThread:10964 [wandb_run.py:_footer_history_summary_info():4026] rendering summary
2024-06-03 09:31:48,598 INFO    MainThread:10964 [wandb_run.py:_footer_sync_info():3953] logging synced files
2024-06-03 09:31:48,598 DEBUG   HandlerThread:10964 [handler.py:handle_request():158] handle_request: shutdown
2024-06-03 09:31:48,598 INFO    HandlerThread:10964 [handler.py:finish():882] shutting down handler
2024-06-03 09:31:49,601 INFO    SenderThread:10964 [sender.py:finish():1545] shutting down sender
2024-06-03 09:31:49,601 INFO    SenderThread:10964 [file_pusher.py:finish():169] shutting down file pusher
2024-06-03 09:31:49,601 INFO    SenderThread:10964 [file_pusher.py:join():175] waiting for file pusher
2024-06-03 09:31:49,602 INFO    WriterThread:10964 [datastore.py:close():296] close: E:\JYZ_projects_python\J230724_NLP_lab640\J240601_TPLinker\TPlinker-ycy-main\TPLinker\tplinker\wandb\run-20240603_092757-fbfgbv5q\run-fbfgbv5q.wandb
